{
  "stats": {
    "suites": 1,
    "tests": 15,
    "passes": 15,
    "pending": 0,
    "failures": 0,
    "start": "2023-03-30T02:05:13.776Z",
    "end": "2023-03-30T02:05:54.051Z",
    "duration": 40275,
    "testsRegistered": 15,
    "passPercent": 100,
    "pendingPercent": 0,
    "other": 0,
    "hasOther": false,
    "skipped": 0,
    "hasSkipped": false
  },
  "results": [
    {
      "uuid": "6b8b5eff-ce85-441a-8612-7af8ea3cb7fa",
      "title": "",
      "fullFile": "cypress/integration/AluraPic/aluraPic.spec.js",
      "file": "cypress/integration/AluraPic/aluraPic.spec.js",
      "beforeHooks": [],
      "afterHooks": [],
      "tests": [],
      "suites": [
        {
          "uuid": "960c4921-a302-458e-9866-f32cbe81ae99",
          "title": "alura PIC",
          "fullFile": "",
          "file": "",
          "beforeHooks": [],
          "afterHooks": [],
          "tests": [
            {
              "title": "verificar mensagens de validação",
              "fullTitle": "alura PIC verificar mensagens de validação",
              "timedOut": null,
              "duration": 4668,
              "state": "passed",
              "speed": "fast",
              "pass": true,
              "fail": false,
              "pending": false,
              "context": null,
              "code": "cy.contains('a', 'Register now').click();\ncy.contains('button', 'Register').click();\ncy.contains('ap-vmessage', 'Email is required').should('be.visible');\ncy.contains('button', 'Register').click();\ncy.contains('ap-vmessage', 'Full name is required').should('be.visible');\ncy.contains('ap-vmessage', 'User name is required').should('be.visible');\ncy.contains('ap-vmessage', 'Password is required').should('be.visible');\ncy.contains('h4', 'Register to embrace a new world!').should('be.visible');",
              "err": {},
              "uuid": "564d342f-b03b-4798-93d2-7329a831bcdb",
              "parentUUID": "960c4921-a302-458e-9866-f32cbe81ae99",
              "isHook": false,
              "skipped": false
            },
            {
              "title": "verificar mensagens de email inválido",
              "fullTitle": "alura PIC verificar mensagens de email inválido",
              "timedOut": null,
              "duration": 2946,
              "state": "passed",
              "speed": "fast",
              "pass": true,
              "fail": false,
              "pending": false,
              "context": null,
              "code": "cy.contains('a', 'Register now').click();\ncy.contains('button', 'Register').click();\ncy.get('input[formcontrolname=\"email\"]').type('cristian');\ncy.contains('ap-vmessage', 'Invalid e-mail').should('be.visible');",
              "err": {},
              "uuid": "50446653-929a-480d-bc10-92c67540d48a",
              "parentUUID": "960c4921-a302-458e-9866-f32cbe81ae99",
              "isHook": false,
              "skipped": false
            },
            {
              "title": "verifica mensagem campo de Email não pode ser vazio",
              "fullTitle": "alura PIC verifica mensagem campo de Email não pode ser vazio",
              "timedOut": null,
              "duration": 1746,
              "state": "passed",
              "speed": "fast",
              "pass": true,
              "fail": false,
              "pending": false,
              "context": null,
              "code": "cy.contains('a', 'Register now').click();\ncy.contains('button', 'Register').click();\ncy.get('input[formcontrolname=\"email\"]').click().blur();\ncy.contains('ap-vmessage', 'Email is required!').should('be.visible');",
              "err": {},
              "uuid": "cbea1903-3197-457c-8ef3-ee90a326cc3a",
              "parentUUID": "960c4921-a302-458e-9866-f32cbe81ae99",
              "isHook": false,
              "skipped": false
            },
            {
              "title": "verificar mensagens de nome completo - deve ter tamanho minimo de 2 caracteres",
              "fullTitle": "alura PIC verificar mensagens de nome completo - deve ter tamanho minimo de 2 caracteres",
              "timedOut": null,
              "duration": 2243,
              "state": "passed",
              "speed": "fast",
              "pass": true,
              "fail": false,
              "pending": false,
              "context": null,
              "code": "cy.contains('a', 'Register now').click();\ncy.contains('button', 'Register').click();\ncy.get('input[formcontrolname=\"fullName\"]').type('0');\ncy.contains('button', 'Register').click();\ncy.contains('ap-vmessage', 'Mininum length is 2').should('be.visible');",
              "err": {},
              "uuid": "83caaf79-c0ed-4811-a05f-78f3b2987879",
              "parentUUID": "960c4921-a302-458e-9866-f32cbe81ae99",
              "isHook": false,
              "skipped": false
            },
            {
              "title": "verifica mensagem campo nome completo não pode ser vazio",
              "fullTitle": "alura PIC verifica mensagem campo nome completo não pode ser vazio",
              "timedOut": null,
              "duration": 1979,
              "state": "passed",
              "speed": "fast",
              "pass": true,
              "fail": false,
              "pending": false,
              "context": null,
              "code": "cy.contains('a', 'Register now').click();\ncy.contains('button', 'Register').click();\ncy.get('input[formcontrolname=\"fullName\"]').click().blur();\ncy.contains('ap-vmessage', 'Full name is required!').should('be.visible');",
              "err": {},
              "uuid": "13fe260e-88fc-492b-b32a-4d489c998947",
              "parentUUID": "960c4921-a302-458e-9866-f32cbe81ae99",
              "isHook": false,
              "skipped": false
            },
            {
              "title": "verifica mensagem campo nome de usuário não pode ser vazio",
              "fullTitle": "alura PIC verifica mensagem campo nome de usuário não pode ser vazio",
              "timedOut": null,
              "duration": 1387,
              "state": "passed",
              "speed": "fast",
              "pass": true,
              "fail": false,
              "pending": false,
              "context": null,
              "code": "cy.contains('a', 'Register now').click();\ncy.contains('button', 'Register').click();\ncy.get('input[formcontrolname=\"userName\"]').click().blur();\ncy.contains('ap-vmessage', 'User name is required!').should('be.visible');",
              "err": {},
              "uuid": "7317ab98-526f-4c70-934e-0630f191ba3f",
              "parentUUID": "960c4921-a302-458e-9866-f32cbe81ae99",
              "isHook": false,
              "skipped": false
            },
            {
              "title": "verifica mensagem campo Nome de usuário indisponível",
              "fullTitle": "alura PIC verifica mensagem campo Nome de usuário indisponível",
              "timedOut": null,
              "duration": 3004,
              "state": "passed",
              "speed": "fast",
              "pass": true,
              "fail": false,
              "pending": false,
              "context": null,
              "code": "cy.contains('a', 'Register now').click();\ncy.contains('button', 'Register').click();\ncy.get('input[formcontrolname=\"userName\"]').type('flavio');\ncy.contains('button', 'Register').click();\ncy.contains('ap-vmessage', 'Username already taken').should('be.visible');",
              "err": {},
              "uuid": "53898d41-a22f-420b-b8f0-6514f7b54d66",
              "parentUUID": "960c4921-a302-458e-9866-f32cbe81ae99",
              "isHook": false,
              "skipped": false
            },
            {
              "title": "verifica mensagem campo Nome de usuário deve ser em letras minúsculas",
              "fullTitle": "alura PIC verifica mensagem campo Nome de usuário deve ser em letras minúsculas",
              "timedOut": null,
              "duration": 1704,
              "state": "passed",
              "speed": "fast",
              "pass": true,
              "fail": false,
              "pending": false,
              "context": null,
              "code": "cy.contains('a', 'Register now').click();\ncy.contains('button', 'Register').click();\ncy.get('input[formcontrolname=\"userName\"]').type('Cristian');\ncy.contains('button', 'Register').click();\ncy.contains('ap-vmessage', 'Must be lower case').should('be.visible');",
              "err": {},
              "uuid": "b6170c36-decb-4b7a-a721-a747c250b3f3",
              "parentUUID": "960c4921-a302-458e-9866-f32cbe81ae99",
              "isHook": false,
              "skipped": false
            },
            {
              "title": "verifica mensagem campo senha deve ter no minimo 8 caracteres",
              "fullTitle": "alura PIC verifica mensagem campo senha deve ter no minimo 8 caracteres",
              "timedOut": null,
              "duration": 1652,
              "state": "passed",
              "speed": "fast",
              "pass": true,
              "fail": false,
              "pending": false,
              "context": null,
              "code": "cy.contains('a', 'Register now').click();\ncy.contains('button', 'Register').click();\ncy.get('input[formcontrolname=\"password\"]').type('1234567');\ncy.contains('button', 'Register').click();\ncy.contains('ap-vmessage', 'Mininum length is 8').should('be.visible');",
              "err": {},
              "uuid": "c2739a68-25db-43f2-b6de-1dac6ea7534f",
              "parentUUID": "960c4921-a302-458e-9866-f32cbe81ae99",
              "isHook": false,
              "skipped": false
            },
            {
              "title": "Fazer login com usuário válido",
              "fullTitle": "alura PIC Fazer login com usuário válido",
              "timedOut": null,
              "duration": 1737,
              "state": "passed",
              "speed": "fast",
              "pass": true,
              "fail": false,
              "pending": false,
              "context": null,
              "code": "cy.get('input[formcontrolname=\"userName\"]').type('flavio');\ncy.get('input[formcontrolname=\"password\"]').type('123');\ncy.get('button[type=\"submit\"]').click();\ncy.contains('a', '(Logout)').should('be.visible');",
              "err": {},
              "uuid": "d882f05b-93f8-471b-989f-90e13e0b216c",
              "parentUUID": "960c4921-a302-458e-9866-f32cbe81ae99",
              "isHook": false,
              "skipped": false
            },
            {
              "title": "Fazer login com usuário Inválido",
              "fullTitle": "alura PIC Fazer login com usuário Inválido",
              "timedOut": null,
              "duration": 1454,
              "state": "passed",
              "speed": "fast",
              "pass": true,
              "fail": false,
              "pending": false,
              "context": null,
              "code": "cy.login('cristian', '1234');\ncy.on('window:alert', str => {\n  expect(str).to.equal('Invalid user name or password');\n});",
              "err": {},
              "uuid": "b76c3d1a-2cc5-4075-8ff0-d9173b1d0dd6",
              "parentUUID": "960c4921-a302-458e-9866-f32cbe81ae99",
              "isHook": false,
              "skipped": false
            },
            {
              "title": "Fazer cadastro de novo usuário válido",
              "fullTitle": "alura PIC Fazer cadastro de novo usuário válido",
              "timedOut": null,
              "duration": 3045,
              "state": "passed",
              "speed": "fast",
              "pass": true,
              "fail": false,
              "pending": false,
              "context": null,
              "code": "cy.registrar('teste@gmail.com', 'eisenhut', 'erfb', '12345678');\ncy.contains('button', 'Register').click();",
              "err": {},
              "uuid": "61f70d5d-ead7-4da7-9703-b6c95c790a73",
              "parentUUID": "960c4921-a302-458e-9866-f32cbe81ae99",
              "isHook": false,
              "skipped": false
            },
            {
              "title": "registrar novo usuario bob",
              "fullTitle": "alura PIC registrar novo usuario bob",
              "timedOut": null,
              "duration": 2622,
              "state": "passed",
              "speed": "fast",
              "pass": true,
              "fail": false,
              "pending": false,
              "context": null,
              "code": "cy.contains('a', 'Register now').click();\ncy.contains('button', 'Register').click();\ncy.get('input[formcontrolname=\"email\"]').type(usuario.email);\ncy.get('input[formcontrolname=\"fullName\"]').type(usuario.fullName);\ncy.get('input[formcontrolname=\"userName\"]').type(usuario.userName);\ncy.get('input[formcontrolname=\"password\"]').type(usuario.password);\ncy.contains('button', 'Register').click();",
              "err": {},
              "uuid": "1a9e7e1f-0c32-487b-a767-183c25f261b8",
              "parentUUID": "960c4921-a302-458e-9866-f32cbe81ae99",
              "isHook": false,
              "skipped": false
            },
            {
              "title": "registrar novo usuario patrick",
              "fullTitle": "alura PIC registrar novo usuario patrick",
              "timedOut": null,
              "duration": 2744,
              "state": "passed",
              "speed": "fast",
              "pass": true,
              "fail": false,
              "pending": false,
              "context": null,
              "code": "cy.contains('a', 'Register now').click();\ncy.contains('button', 'Register').click();\ncy.get('input[formcontrolname=\"email\"]').type(usuario.email);\ncy.get('input[formcontrolname=\"fullName\"]').type(usuario.fullName);\ncy.get('input[formcontrolname=\"userName\"]').type(usuario.userName);\ncy.get('input[formcontrolname=\"password\"]').type(usuario.password);\ncy.contains('button', 'Register').click();",
              "err": {},
              "uuid": "aabb9d9e-c46f-4f8f-ac86-90e350233af0",
              "parentUUID": "960c4921-a302-458e-9866-f32cbe81ae99",
              "isHook": false,
              "skipped": false
            },
            {
              "title": "registrar novo usuario lula",
              "fullTitle": "alura PIC registrar novo usuario lula",
              "timedOut": null,
              "duration": 2715,
              "state": "passed",
              "speed": "fast",
              "pass": true,
              "fail": false,
              "pending": false,
              "context": null,
              "code": "cy.contains('a', 'Register now').click();\ncy.contains('button', 'Register').click();\ncy.get('input[formcontrolname=\"email\"]').type(usuario.email);\ncy.get('input[formcontrolname=\"fullName\"]').type(usuario.fullName);\ncy.get('input[formcontrolname=\"userName\"]').type(usuario.userName);\ncy.get('input[formcontrolname=\"password\"]').type(usuario.password);\ncy.contains('button', 'Register').click();",
              "err": {},
              "uuid": "93f9b8c7-4b2b-4828-8677-c16563cb4d4e",
              "parentUUID": "960c4921-a302-458e-9866-f32cbe81ae99",
              "isHook": false,
              "skipped": false
            }
          ],
          "suites": [],
          "passes": [
            "564d342f-b03b-4798-93d2-7329a831bcdb",
            "50446653-929a-480d-bc10-92c67540d48a",
            "cbea1903-3197-457c-8ef3-ee90a326cc3a",
            "83caaf79-c0ed-4811-a05f-78f3b2987879",
            "13fe260e-88fc-492b-b32a-4d489c998947",
            "7317ab98-526f-4c70-934e-0630f191ba3f",
            "53898d41-a22f-420b-b8f0-6514f7b54d66",
            "b6170c36-decb-4b7a-a721-a747c250b3f3",
            "c2739a68-25db-43f2-b6de-1dac6ea7534f",
            "d882f05b-93f8-471b-989f-90e13e0b216c",
            "b76c3d1a-2cc5-4075-8ff0-d9173b1d0dd6",
            "61f70d5d-ead7-4da7-9703-b6c95c790a73",
            "1a9e7e1f-0c32-487b-a767-183c25f261b8",
            "aabb9d9e-c46f-4f8f-ac86-90e350233af0",
            "93f9b8c7-4b2b-4828-8677-c16563cb4d4e"
          ],
          "failures": [],
          "pending": [],
          "skipped": [],
          "duration": 35646,
          "root": false,
          "rootEmpty": false,
          "_timeout": 2000
        }
      ],
      "passes": [],
      "failures": [],
      "pending": [],
      "skipped": [],
      "duration": 0,
      "root": true,
      "rootEmpty": true,
      "_timeout": 2000
    }
  ],
  "meta": {
    "mocha": {
      "version": "7.0.1"
    },
    "mochawesome": {
      "options": {
        "quiet": false,
        "reportFilename": "mochawesome",
        "saveHtml": true,
        "saveJson": true,
        "consoleReporter": "spec",
        "useInlineDiffs": false,
        "code": true
      },
      "version": "7.1.3"
    },
    "marge": {
      "options": {
        "reporterDir": "cypress/report/mochawesome-report",
        "overwrite": true,
        "html": true,
        "charts": true,
        "json": true,
        "code": true,
        "reportTitle": "Teste da Alura PIC",
        "timestamp": "dd-mm-yyyy_HH:MM:ss"
      },
      "version": "6.2.0"
    }
  }
}