{
  "stats": {
    "suites": 1,
    "tests": 2,
    "passes": 1,
    "pending": 0,
    "failures": 1,
    "start": "2023-03-30T19:48:28.671Z",
    "end": "2023-03-30T19:48:40.318Z",
    "duration": 11647,
    "testsRegistered": 2,
    "passPercent": 50,
    "pendingPercent": 0,
    "other": 0,
    "hasOther": false,
    "skipped": 0,
    "hasSkipped": false
  },
  "results": [
    {
      "uuid": "45aa4c9c-76fc-47f0-a887-0d5c30c721a3",
      "title": "",
      "fullFile": "cypress/integration/AluraPic/aluraPic.spec.js",
      "file": "cypress/integration/AluraPic/aluraPic.spec.js",
      "beforeHooks": [],
      "afterHooks": [],
      "tests": [],
      "suites": [
        {
          "uuid": "2174d94f-70dd-46ea-b75d-5a649d6c59c7",
          "title": "alura PIC",
          "fullFile": "",
          "file": "",
          "beforeHooks": [],
          "afterHooks": [],
          "tests": [
            {
              "title": "Verificar botão habilitado na tela inicial",
              "fullTitle": "alura PIC Verificar botão habilitado na tela inicial",
              "timedOut": null,
              "duration": 2935,
              "state": "passed",
              "speed": "fast",
              "pass": true,
              "fail": false,
              "pending": false,
              "context": null,
              "code": "cy.get('input[formcontrolname=\"userName\"]').type('flavio');\ncy.get('input[formcontrolname=\"password\"]').type('123');\ncy.get('button[type=\"submit\"]').should('be.enabled');",
              "err": {},
              "uuid": "ac96f05f-8dac-4ba9-82c2-caedc6c0906b",
              "parentUUID": "2174d94f-70dd-46ea-b75d-5a649d6c59c7",
              "isHook": false,
              "skipped": false
            },
            {
              "title": "Verificar nome da aplicação na tela inicial",
              "fullTitle": "alura PIC Verificar nome da aplicação na tela inicial",
              "timedOut": null,
              "duration": 5609,
              "state": "failed",
              "speed": null,
              "pass": false,
              "fail": true,
              "pending": false,
              "context": null,
              "code": "cy.contains('a', 'ALUTAÌC').should('be.visible');",
              "err": {
                "message": "AssertionError: Timed out retrying after 4000ms: Expected to find content: 'ALUTAÌC' within the selector: 'a' but never did.",
                "estack": "AssertionError: Timed out retrying after 4000ms: Expected to find content: 'ALUTAÌC' within the selector: 'a' but never did.\n    at Context.eval (https://alura-fotos.herokuapp.com/__cypress/tests?p=cypress\\integration\\AluraPic\\aluraPic.spec.js:177:33)",
                "diff": null
              },
              "uuid": "b5c6e222-ba49-4a61-81b4-fa8c34bd6bf9",
              "parentUUID": "2174d94f-70dd-46ea-b75d-5a649d6c59c7",
              "isHook": false,
              "skipped": false
            }
          ],
          "suites": [],
          "passes": [
            "ac96f05f-8dac-4ba9-82c2-caedc6c0906b"
          ],
          "failures": [
            "b5c6e222-ba49-4a61-81b4-fa8c34bd6bf9"
          ],
          "pending": [],
          "skipped": [],
          "duration": 8544,
          "root": false,
          "rootEmpty": false,
          "_timeout": 2000
        }
      ],
      "passes": [],
      "failures": [],
      "pending": [],
      "skipped": [],
      "duration": 0,
      "root": true,
      "rootEmpty": true,
      "_timeout": 2000
    }
  ],
  "meta": {
    "mocha": {
      "version": "7.0.1"
    },
    "mochawesome": {
      "options": {
        "quiet": false,
        "reportFilename": "mochawesome",
        "saveHtml": true,
        "saveJson": true,
        "consoleReporter": "spec",
        "useInlineDiffs": false,
        "code": true
      },
      "version": "7.1.3"
    },
    "marge": {
      "options": {
        "reporterDir": "cypress/report/mochawesome-report",
        "overwrite": true,
        "html": true,
        "charts": true,
        "json": true,
        "code": true,
        "reportTitle": "Teste da Alura PIC",
        "timestamp": "dd-mm-yyyy_HH:MM:ss"
      },
      "version": "6.2.0"
    }
  }
}