{
  "stats": {
    "suites": 1,
    "tests": 1,
    "passes": 0,
    "pending": 0,
    "failures": 1,
    "start": "2023-03-30T21:08:49.178Z",
    "end": "2023-03-30T21:09:00.979Z",
    "duration": 11801,
    "testsRegistered": 1,
    "passPercent": 0,
    "pendingPercent": 0,
    "other": 0,
    "hasOther": false,
    "skipped": 0,
    "hasSkipped": false
  },
  "results": [
    {
      "uuid": "4a5b556d-8d5a-4ee8-9be0-bddda5900c0c",
      "title": "",
      "fullFile": "cypress/integration/AluraPic/aluraPic.spec.js",
      "file": "cypress/integration/AluraPic/aluraPic.spec.js",
      "beforeHooks": [],
      "afterHooks": [],
      "tests": [],
      "suites": [
        {
          "uuid": "4a3fbd16-cc55-4dbd-9c40-ac0a6a094540",
          "title": "alura PIC",
          "fullFile": "",
          "file": "",
          "beforeHooks": [],
          "afterHooks": [],
          "tests": [
            {
              "title": "Buscar fotos do flavio",
              "fullTitle": "alura PIC Buscar fotos do flavio",
              "timedOut": null,
              "duration": 8760,
              "state": "failed",
              "speed": null,
              "pass": false,
              "fail": true,
              "pending": false,
              "context": null,
              "code": "//temppo escolhido de forma sorteada, randomica\nconst tempoEsperado = Math.random() * 1000;\ncy.request({\n  method: 'GET',\n  url: 'https://apialurapic.herokuapp.com/flavio/photos'\n}).then(res => {\n  expect(res.status).to.be.equal(200);\n  expect(res.body).is.not.empty;\n  expect(res.body[0]).to.have.property('description');\n  expect(res.body[0].description).to.be.equal('Farol iluminado');\n  expect(res.duration).to.be.lte(tempoEsperado);\n});",
              "err": {
                "message": "AssertionError: expected 3778 to be at most 362.63872898867675",
                "estack": "AssertionError: expected 3778 to be at most 362.63872898867675\n    at Context.eval (https://alura-fotos.herokuapp.com/__cypress/tests?p=cypress\\integration\\AluraPic\\aluraPic.spec.js:243:34)",
                "diff": "- 3778\n+ 362.63872898867675\n"
              },
              "uuid": "094de9b5-bc27-474c-bfae-3f2be1432e82",
              "parentUUID": "4a3fbd16-cc55-4dbd-9c40-ac0a6a094540",
              "isHook": false,
              "skipped": false
            }
          ],
          "suites": [],
          "passes": [],
          "failures": [
            "094de9b5-bc27-474c-bfae-3f2be1432e82"
          ],
          "pending": [],
          "skipped": [],
          "duration": 8760,
          "root": false,
          "rootEmpty": false,
          "_timeout": 2000
        }
      ],
      "passes": [],
      "failures": [],
      "pending": [],
      "skipped": [],
      "duration": 0,
      "root": true,
      "rootEmpty": true,
      "_timeout": 2000
    }
  ],
  "meta": {
    "mocha": {
      "version": "7.0.1"
    },
    "mochawesome": {
      "options": {
        "quiet": false,
        "reportFilename": "mochawesome",
        "saveHtml": true,
        "saveJson": true,
        "consoleReporter": "spec",
        "useInlineDiffs": false,
        "code": true
      },
      "version": "7.1.3"
    },
    "marge": {
      "options": {
        "reporterDir": "cypress/report/mochawesome-report",
        "overwrite": true,
        "html": true,
        "charts": true,
        "json": true,
        "code": true,
        "reportTitle": "Teste da Alura PIC",
        "timestamp": "dd-mm-yyyy_HH:MM:ss"
      },
      "version": "6.2.0"
    }
  }
}