{
  "stats": {
    "suites": 1,
    "tests": 3,
    "passes": 3,
    "pending": 0,
    "failures": 0,
    "start": "2023-03-30T19:54:22.879Z",
    "end": "2023-03-30T19:54:31.403Z",
    "duration": 8524,
    "testsRegistered": 3,
    "passPercent": 100,
    "pendingPercent": 0,
    "other": 0,
    "hasOther": false,
    "skipped": 0,
    "hasSkipped": false
  },
  "results": [
    {
      "uuid": "5bc8e585-4d42-478a-9ac5-28c895500419",
      "title": "",
      "fullFile": "cypress/integration/AluraPic/aluraPic.spec.js",
      "file": "cypress/integration/AluraPic/aluraPic.spec.js",
      "beforeHooks": [],
      "afterHooks": [],
      "tests": [],
      "suites": [
        {
          "uuid": "51fad26d-305e-4139-b68a-3e4175428a42",
          "title": "alura PIC",
          "fullFile": "",
          "file": "",
          "beforeHooks": [],
          "afterHooks": [],
          "tests": [
            {
              "title": "Verificar botão habilitado na tela inicial",
              "fullTitle": "alura PIC Verificar botão habilitado na tela inicial",
              "timedOut": null,
              "duration": 2980,
              "state": "passed",
              "speed": "fast",
              "pass": true,
              "fail": false,
              "pending": false,
              "context": null,
              "code": "cy.get('input[formcontrolname=\"userName\"]').type('flavio');\ncy.get('input[formcontrolname=\"password\"]').type('123');\ncy.get('button[type=\"submit\"]').should('be.enabled');",
              "err": {},
              "uuid": "8f6ccbf5-d90f-489b-b57a-cfb1a9a3e8a2",
              "parentUUID": "51fad26d-305e-4139-b68a-3e4175428a42",
              "isHook": false,
              "skipped": false
            },
            {
              "title": "Verificar nome da aplicação na tela inicial",
              "fullTitle": "alura PIC Verificar nome da aplicação na tela inicial",
              "timedOut": null,
              "duration": 1147,
              "state": "passed",
              "speed": "fast",
              "pass": true,
              "fail": false,
              "pending": false,
              "context": null,
              "code": "cy.contains('a', 'ALURAPIC').should('be.visible');",
              "err": {},
              "uuid": "24d5c5b0-951d-469a-a3d8-58d96044a060",
              "parentUUID": "51fad26d-305e-4139-b68a-3e4175428a42",
              "isHook": false,
              "skipped": false
            },
            {
              "title": "verifica menu clicável na tela inicial",
              "fullTitle": "alura PIC verifica menu clicável na tela inicial",
              "timedOut": null,
              "duration": 1432,
              "state": "passed",
              "speed": "fast",
              "pass": true,
              "fail": false,
              "pending": false,
              "context": null,
              "code": "cy.get('.navbar-brand > .fa').click();\ncy.get('.menu-bar > .fa').should('be.visible');",
              "err": {},
              "uuid": "2159d08b-c825-47c5-94cc-9180a19b0ef0",
              "parentUUID": "51fad26d-305e-4139-b68a-3e4175428a42",
              "isHook": false,
              "skipped": false
            }
          ],
          "suites": [],
          "passes": [
            "8f6ccbf5-d90f-489b-b57a-cfb1a9a3e8a2",
            "24d5c5b0-951d-469a-a3d8-58d96044a060",
            "2159d08b-c825-47c5-94cc-9180a19b0ef0"
          ],
          "failures": [],
          "pending": [],
          "skipped": [],
          "duration": 5559,
          "root": false,
          "rootEmpty": false,
          "_timeout": 2000
        }
      ],
      "passes": [],
      "failures": [],
      "pending": [],
      "skipped": [],
      "duration": 0,
      "root": true,
      "rootEmpty": true,
      "_timeout": 2000
    }
  ],
  "meta": {
    "mocha": {
      "version": "7.0.1"
    },
    "mochawesome": {
      "options": {
        "quiet": false,
        "reportFilename": "mochawesome",
        "saveHtml": true,
        "saveJson": true,
        "consoleReporter": "spec",
        "useInlineDiffs": false,
        "code": true
      },
      "version": "7.1.3"
    },
    "marge": {
      "options": {
        "reporterDir": "cypress/report/mochawesome-report",
        "overwrite": true,
        "html": true,
        "charts": true,
        "json": true,
        "code": true,
        "reportTitle": "Teste da Alura PIC",
        "timestamp": "dd-mm-yyyy_HH:MM:ss"
      },
      "version": "6.2.0"
    }
  }
}