{
  "stats": {
    "suites": 1,
    "tests": 21,
    "passes": 20,
    "pending": 0,
    "failures": 1,
    "start": "2023-03-30T23:42:20.922Z",
    "end": "2023-03-30T23:43:05.487Z",
    "duration": 44565,
    "testsRegistered": 21,
    "passPercent": 95.23809523809523,
    "pendingPercent": 0,
    "other": 0,
    "hasOther": false,
    "skipped": 0,
    "hasSkipped": false
  },
  "results": [
    {
      "uuid": "a667ab9f-03de-42ab-ba8b-8a759fee8ffb",
      "title": "",
      "fullFile": "cypress/integration/AluraPic/aluraPic.spec.js",
      "file": "cypress/integration/AluraPic/aluraPic.spec.js",
      "beforeHooks": [],
      "afterHooks": [],
      "tests": [],
      "suites": [
        {
          "uuid": "aa085bf9-18ea-42e9-a9c7-83b0031bb888",
          "title": "alura PIC",
          "fullFile": "",
          "file": "",
          "beforeHooks": [],
          "afterHooks": [],
          "tests": [
            {
              "title": "Login com usuário válido",
              "fullTitle": "alura PIC Login com usuário válido",
              "timedOut": null,
              "duration": 5524,
              "state": "passed",
              "speed": "medium",
              "pass": true,
              "fail": false,
              "pending": false,
              "context": null,
              "code": "cy.login(Cypress.env('userName'), Cypress.env('password'));\ncy.contains('a', '(Logout)').should('be.visible');",
              "err": {},
              "uuid": "194f2e68-9ef9-479e-9af9-c31f4303a78a",
              "parentUUID": "aa085bf9-18ea-42e9-a9c7-83b0031bb888",
              "isHook": false,
              "skipped": false
            },
            {
              "title": "verificar mensagens de validação",
              "fullTitle": "alura PIC verificar mensagens de validação",
              "timedOut": null,
              "duration": 2055,
              "state": "passed",
              "speed": "fast",
              "pass": true,
              "fail": false,
              "pending": false,
              "context": null,
              "code": "cy.contains('a', 'Register now').click();\ncy.contains('button', 'Register').click();\ncy.contains('ap-vmessage', 'Email is required').should('be.visible');\ncy.contains('button', 'Register').click();\ncy.contains('ap-vmessage', 'Full name is required').should('be.visible');\ncy.contains('ap-vmessage', 'User name is required').should('be.visible');\ncy.contains('ap-vmessage', 'Password is required').should('be.visible');\ncy.contains('h4', 'Register to embrace a new world!').should('be.visible');",
              "err": {},
              "uuid": "f65e86ed-1f3c-4c8e-9fef-9537eac43233",
              "parentUUID": "aa085bf9-18ea-42e9-a9c7-83b0031bb888",
              "isHook": false,
              "skipped": false
            },
            {
              "title": "verificar mensagens de email inválido",
              "fullTitle": "alura PIC verificar mensagens de email inválido",
              "timedOut": null,
              "duration": 1557,
              "state": "passed",
              "speed": "fast",
              "pass": true,
              "fail": false,
              "pending": false,
              "context": null,
              "code": "cy.contains('a', 'Register now').click();\ncy.contains('button', 'Register').click();\ncy.get('input[formcontrolname=\"email\"]').type('cristian');\ncy.contains('ap-vmessage', 'Invalid e-mail').should('be.visible');",
              "err": {},
              "uuid": "1356d9a0-984d-44ab-8611-b998a3fd3355",
              "parentUUID": "aa085bf9-18ea-42e9-a9c7-83b0031bb888",
              "isHook": false,
              "skipped": false
            },
            {
              "title": "verifica mensagem campo de Email não pode ser vazio",
              "fullTitle": "alura PIC verifica mensagem campo de Email não pode ser vazio",
              "timedOut": null,
              "duration": 1325,
              "state": "passed",
              "speed": "fast",
              "pass": true,
              "fail": false,
              "pending": false,
              "context": null,
              "code": "cy.contains('a', 'Register now').click();\ncy.contains('button', 'Register').click();\ncy.get('input[formcontrolname=\"email\"]').click().blur();\ncy.contains('ap-vmessage', 'Email is required!').should('be.visible');",
              "err": {},
              "uuid": "ab3b1cc6-8f5e-4ca0-9ace-d0fae06d54fb",
              "parentUUID": "aa085bf9-18ea-42e9-a9c7-83b0031bb888",
              "isHook": false,
              "skipped": false
            },
            {
              "title": "verificar mensagens de nome completo - deve ter tamanho minimo de 2 caracteres",
              "fullTitle": "alura PIC verificar mensagens de nome completo - deve ter tamanho minimo de 2 caracteres",
              "timedOut": null,
              "duration": 1449,
              "state": "passed",
              "speed": "fast",
              "pass": true,
              "fail": false,
              "pending": false,
              "context": null,
              "code": "cy.contains('a', 'Register now').click();\ncy.contains('button', 'Register').click();\ncy.get('input[formcontrolname=\"fullName\"]').type('0');\ncy.contains('button', 'Register').click();\ncy.contains('ap-vmessage', 'Mininum length is 2').should('be.visible');",
              "err": {},
              "uuid": "0922949d-e9ba-4586-9616-16810c39a168",
              "parentUUID": "aa085bf9-18ea-42e9-a9c7-83b0031bb888",
              "isHook": false,
              "skipped": false
            },
            {
              "title": "verifica mensagem campo nome completo não pode ser vazio",
              "fullTitle": "alura PIC verifica mensagem campo nome completo não pode ser vazio",
              "timedOut": null,
              "duration": 1505,
              "state": "passed",
              "speed": "fast",
              "pass": true,
              "fail": false,
              "pending": false,
              "context": null,
              "code": "cy.contains('a', 'Register now').click();\ncy.contains('button', 'Register').click();\ncy.get('input[formcontrolname=\"fullName\"]').click().blur();\ncy.contains('ap-vmessage', 'Full name is required!').should('be.visible');",
              "err": {},
              "uuid": "b4aa2a20-e8be-471f-9736-d14de6207760",
              "parentUUID": "aa085bf9-18ea-42e9-a9c7-83b0031bb888",
              "isHook": false,
              "skipped": false
            },
            {
              "title": "verifica mensagem campo nome de usuário não pode ser vazio",
              "fullTitle": "alura PIC verifica mensagem campo nome de usuário não pode ser vazio",
              "timedOut": null,
              "duration": 1400,
              "state": "passed",
              "speed": "fast",
              "pass": true,
              "fail": false,
              "pending": false,
              "context": null,
              "code": "cy.contains('a', 'Register now').click();\ncy.contains('button', 'Register').click();\ncy.get('input[formcontrolname=\"userName\"]').click().blur();\ncy.contains('ap-vmessage', 'User name is required!').should('be.visible');",
              "err": {},
              "uuid": "e2f5b298-6339-40bd-9d20-e5fb4e841b32",
              "parentUUID": "aa085bf9-18ea-42e9-a9c7-83b0031bb888",
              "isHook": false,
              "skipped": false
            },
            {
              "title": "verifica mensagem campo Nome de usuário indisponível",
              "fullTitle": "alura PIC verifica mensagem campo Nome de usuário indisponível",
              "timedOut": null,
              "duration": 2212,
              "state": "passed",
              "speed": "fast",
              "pass": true,
              "fail": false,
              "pending": false,
              "context": null,
              "code": "cy.contains('a', 'Register now').click();\ncy.contains('button', 'Register').click();\ncy.get('input[formcontrolname=\"userName\"]').type('flavio');\ncy.contains('button', 'Register').click();\ncy.contains('ap-vmessage', 'Username already taken').should('be.visible');",
              "err": {},
              "uuid": "9ebe71c1-3c04-4321-9f98-98eb42698d99",
              "parentUUID": "aa085bf9-18ea-42e9-a9c7-83b0031bb888",
              "isHook": false,
              "skipped": false
            },
            {
              "title": "verifica mensagem campo Nome de usuário deve ser em letras minúsculas",
              "fullTitle": "alura PIC verifica mensagem campo Nome de usuário deve ser em letras minúsculas",
              "timedOut": null,
              "duration": 1879,
              "state": "passed",
              "speed": "fast",
              "pass": true,
              "fail": false,
              "pending": false,
              "context": null,
              "code": "cy.contains('a', 'Register now').click();\ncy.contains('button', 'Register').click();\ncy.get('input[formcontrolname=\"userName\"]').type('Cristian');\ncy.contains('button', 'Register').click();\ncy.contains('ap-vmessage', 'Must be lower case').should('be.visible');",
              "err": {},
              "uuid": "9018d567-209a-4342-ba71-72d32e4c0ff1",
              "parentUUID": "aa085bf9-18ea-42e9-a9c7-83b0031bb888",
              "isHook": false,
              "skipped": false
            },
            {
              "title": "verifica mensagem campo senha deve ter no minimo 8 caracteres",
              "fullTitle": "alura PIC verifica mensagem campo senha deve ter no minimo 8 caracteres",
              "timedOut": null,
              "duration": 1506,
              "state": "passed",
              "speed": "fast",
              "pass": true,
              "fail": false,
              "pending": false,
              "context": null,
              "code": "cy.contains('a', 'Register now').click();\ncy.contains('button', 'Register').click();\ncy.get('input[formcontrolname=\"password\"]').type('1234567');\ncy.contains('button', 'Register').click();\ncy.contains('ap-vmessage', 'Mininum length is 8').should('be.visible');",
              "err": {},
              "uuid": "67fa4e07-0721-4391-88e1-6cd595dc74fb",
              "parentUUID": "aa085bf9-18ea-42e9-a9c7-83b0031bb888",
              "isHook": false,
              "skipped": false
            },
            {
              "title": "Fazer login com usuário válido",
              "fullTitle": "alura PIC Fazer login com usuário válido",
              "timedOut": null,
              "duration": 1786,
              "state": "passed",
              "speed": "fast",
              "pass": true,
              "fail": false,
              "pending": false,
              "context": null,
              "code": "cy.get('input[formcontrolname=\"userName\"]').type('flavio');\ncy.get('input[formcontrolname=\"password\"]').type('123');\ncy.get('button[type=\"submit\"]').click();\ncy.contains('a', '(Logout)').should('be.visible');",
              "err": {},
              "uuid": "ddea4db3-93ef-42d1-a3ce-e588e778ebc4",
              "parentUUID": "aa085bf9-18ea-42e9-a9c7-83b0031bb888",
              "isHook": false,
              "skipped": false
            },
            {
              "title": "Verificar botão habilitado na tela inicial",
              "fullTitle": "alura PIC Verificar botão habilitado na tela inicial",
              "timedOut": null,
              "duration": 1252,
              "state": "passed",
              "speed": "fast",
              "pass": true,
              "fail": false,
              "pending": false,
              "context": null,
              "code": "cy.get('input[formcontrolname=\"userName\"]').type('flavio');\ncy.get('input[formcontrolname=\"password\"]').type('123');\ncy.get('button[type=\"submit\"]').should('be.enabled');",
              "err": {},
              "uuid": "0f001d38-8919-47b3-abbb-cb96ed127bbb",
              "parentUUID": "aa085bf9-18ea-42e9-a9c7-83b0031bb888",
              "isHook": false,
              "skipped": false
            },
            {
              "title": "Verificar nome da aplicação na tela inicial",
              "fullTitle": "alura PIC Verificar nome da aplicação na tela inicial",
              "timedOut": null,
              "duration": 897,
              "state": "passed",
              "speed": "fast",
              "pass": true,
              "fail": false,
              "pending": false,
              "context": null,
              "code": "cy.contains('a', 'ALURAPIC').should('be.visible');",
              "err": {},
              "uuid": "ffab93fa-71b1-4430-9eb0-98cec7c9f101",
              "parentUUID": "aa085bf9-18ea-42e9-a9c7-83b0031bb888",
              "isHook": false,
              "skipped": false
            },
            {
              "title": "verifica menu clicável na tela inicial",
              "fullTitle": "alura PIC verifica menu clicável na tela inicial",
              "timedOut": null,
              "duration": 1193,
              "state": "passed",
              "speed": "fast",
              "pass": true,
              "fail": false,
              "pending": false,
              "context": null,
              "code": "cy.get('.navbar-brand > .fa').click();\ncy.get('.menu-bar > .fa').should('be.visible');",
              "err": {},
              "uuid": "8b94baa5-a5ed-473e-87ee-2f9467bf59a4",
              "parentUUID": "aa085bf9-18ea-42e9-a9c7-83b0031bb888",
              "isHook": false,
              "skipped": false
            },
            {
              "title": "Fazer login com usuário Inválido",
              "fullTitle": "alura PIC Fazer login com usuário Inválido",
              "timedOut": null,
              "duration": 1410,
              "state": "passed",
              "speed": "fast",
              "pass": true,
              "fail": false,
              "pending": false,
              "context": null,
              "code": "cy.login('cristian', '1234');\ncy.on('window:alert', str => {\n  expect(str).to.equal('Invalid user name or password');\n});",
              "err": {},
              "uuid": "74947dc6-39a5-4122-9ac8-7a2fec55b5af",
              "parentUUID": "aa085bf9-18ea-42e9-a9c7-83b0031bb888",
              "isHook": false,
              "skipped": false
            },
            {
              "title": "Fazer cadastro de novo usuário válido",
              "fullTitle": "alura PIC Fazer cadastro de novo usuário válido",
              "timedOut": null,
              "duration": 2495,
              "state": "passed",
              "speed": "fast",
              "pass": true,
              "fail": false,
              "pending": false,
              "context": null,
              "code": "cy.registrar('teste@gmail.com', 'eisenhut', 'erfb', '12345678');\ncy.contains('button', 'Register').click();",
              "err": {},
              "uuid": "278a7f05-a76a-466f-86d1-362ed2f1ae8a",
              "parentUUID": "aa085bf9-18ea-42e9-a9c7-83b0031bb888",
              "isHook": false,
              "skipped": false
            },
            {
              "title": "registrar novo usuario bob",
              "fullTitle": "alura PIC registrar novo usuario bob",
              "timedOut": null,
              "duration": 3210,
              "state": "passed",
              "speed": "fast",
              "pass": true,
              "fail": false,
              "pending": false,
              "context": null,
              "code": "cy.contains('a', 'Register now').click();\ncy.contains('button', 'Register').click();\ncy.get('input[formcontrolname=\"email\"]').type(usuario.email);\ncy.get('input[formcontrolname=\"fullName\"]').type(usuario.fullName);\ncy.get('input[formcontrolname=\"userName\"]').type(usuario.userName);\ncy.get('input[formcontrolname=\"password\"]').type(usuario.password);\ncy.contains('button', 'Register').click();",
              "err": {},
              "uuid": "616c7652-7de7-4d2f-83b4-db5ce66df1f1",
              "parentUUID": "aa085bf9-18ea-42e9-a9c7-83b0031bb888",
              "isHook": false,
              "skipped": false
            },
            {
              "title": "registrar novo usuario patrick",
              "fullTitle": "alura PIC registrar novo usuario patrick",
              "timedOut": null,
              "duration": 2983,
              "state": "passed",
              "speed": "fast",
              "pass": true,
              "fail": false,
              "pending": false,
              "context": null,
              "code": "cy.contains('a', 'Register now').click();\ncy.contains('button', 'Register').click();\ncy.get('input[formcontrolname=\"email\"]').type(usuario.email);\ncy.get('input[formcontrolname=\"fullName\"]').type(usuario.fullName);\ncy.get('input[formcontrolname=\"userName\"]').type(usuario.userName);\ncy.get('input[formcontrolname=\"password\"]').type(usuario.password);\ncy.contains('button', 'Register').click();",
              "err": {},
              "uuid": "6dd80d05-e119-4158-819e-241fb66274c2",
              "parentUUID": "aa085bf9-18ea-42e9-a9c7-83b0031bb888",
              "isHook": false,
              "skipped": false
            },
            {
              "title": "registrar novo usuario lula",
              "fullTitle": "alura PIC registrar novo usuario lula",
              "timedOut": null,
              "duration": 2616,
              "state": "passed",
              "speed": "fast",
              "pass": true,
              "fail": false,
              "pending": false,
              "context": null,
              "code": "cy.contains('a', 'Register now').click();\ncy.contains('button', 'Register').click();\ncy.get('input[formcontrolname=\"email\"]').type(usuario.email);\ncy.get('input[formcontrolname=\"fullName\"]').type(usuario.fullName);\ncy.get('input[formcontrolname=\"userName\"]').type(usuario.userName);\ncy.get('input[formcontrolname=\"password\"]').type(usuario.password);\ncy.contains('button', 'Register').click();",
              "err": {},
              "uuid": "5e50f185-d258-4a8d-8c94-381ff6db9795",
              "parentUUID": "aa085bf9-18ea-42e9-a9c7-83b0031bb888",
              "isHook": false,
              "skipped": false
            },
            {
              "title": "Fazer login do flavio",
              "fullTitle": "alura PIC Fazer login do flavio",
              "timedOut": null,
              "duration": 1132,
              "state": "passed",
              "speed": "fast",
              "pass": true,
              "fail": false,
              "pending": false,
              "context": null,
              "code": "cy.request({\n  method: 'POST',\n  url: 'https://apialurapic.herokuapp.com/user/login',\n  body: Cypress.env()\n}).then(res => {\n  expect(res.status).to.be.equal(200);\n  expect(res.body).is.not.empty;\n  expect(res.body).to.have.property('id');\n  expect(res.body.id).to.be.equal(1);\n  expect(res.body).to.have.property('email');\n  expect(res.body.email).to.be.equal('flavio@alurapic.com.br');\n});",
              "err": {},
              "uuid": "39a57c08-44da-492c-b379-2b67694a5b9f",
              "parentUUID": "aa085bf9-18ea-42e9-a9c7-83b0031bb888",
              "isHook": false,
              "skipped": false
            },
            {
              "title": "Buscar fotos do flavio",
              "fullTitle": "alura PIC Buscar fotos do flavio",
              "timedOut": null,
              "duration": 4592,
              "state": "failed",
              "speed": null,
              "pass": false,
              "fail": true,
              "pending": false,
              "context": null,
              "code": "//temppo escolhido de forma sorteada, randomica\nconst tempoEsperado = Math.random() * 2000;\ncy.request({\n  method: 'GET',\n  url: 'https://apialurapic.herokuapp.com/flavio/photos'\n}).then(res => {\n  expect(res.status).to.be.equal(200);\n  expect(res.body).is.not.empty;\n  expect(res.body[0]).to.have.property('description');\n  expect(res.body[0].description).to.be.equal('Farol iluminado');\n  expect(res.duration).to.be.lte(tempoEsperado);\n});",
              "err": {
                "message": "AssertionError: expected 1702 to be at most 705.789020654254",
                "estack": "AssertionError: expected 1702 to be at most 705.789020654254\n    at Context.eval (https://alura-fotos.herokuapp.com/__cypress/tests?p=cypress\\integration\\AluraPic\\aluraPic.spec.js:247:34)",
                "diff": "- 1702\n+ 705.789020654254\n"
              },
              "uuid": "b2abea42-71e1-4021-8fe6-c1c07844500c",
              "parentUUID": "aa085bf9-18ea-42e9-a9c7-83b0031bb888",
              "isHook": false,
              "skipped": false
            }
          ],
          "suites": [],
          "passes": [
            "194f2e68-9ef9-479e-9af9-c31f4303a78a",
            "f65e86ed-1f3c-4c8e-9fef-9537eac43233",
            "1356d9a0-984d-44ab-8611-b998a3fd3355",
            "ab3b1cc6-8f5e-4ca0-9ace-d0fae06d54fb",
            "0922949d-e9ba-4586-9616-16810c39a168",
            "b4aa2a20-e8be-471f-9736-d14de6207760",
            "e2f5b298-6339-40bd-9d20-e5fb4e841b32",
            "9ebe71c1-3c04-4321-9f98-98eb42698d99",
            "9018d567-209a-4342-ba71-72d32e4c0ff1",
            "67fa4e07-0721-4391-88e1-6cd595dc74fb",
            "ddea4db3-93ef-42d1-a3ce-e588e778ebc4",
            "0f001d38-8919-47b3-abbb-cb96ed127bbb",
            "ffab93fa-71b1-4430-9eb0-98cec7c9f101",
            "8b94baa5-a5ed-473e-87ee-2f9467bf59a4",
            "74947dc6-39a5-4122-9ac8-7a2fec55b5af",
            "278a7f05-a76a-466f-86d1-362ed2f1ae8a",
            "616c7652-7de7-4d2f-83b4-db5ce66df1f1",
            "6dd80d05-e119-4158-819e-241fb66274c2",
            "5e50f185-d258-4a8d-8c94-381ff6db9795",
            "39a57c08-44da-492c-b379-2b67694a5b9f"
          ],
          "failures": [
            "b2abea42-71e1-4021-8fe6-c1c07844500c"
          ],
          "pending": [],
          "skipped": [],
          "duration": 43978,
          "root": false,
          "rootEmpty": false,
          "_timeout": 2000
        }
      ],
      "passes": [],
      "failures": [],
      "pending": [],
      "skipped": [],
      "duration": 0,
      "root": true,
      "rootEmpty": true,
      "_timeout": 2000
    }
  ],
  "meta": {
    "mocha": {
      "version": "7.0.1"
    },
    "mochawesome": {
      "options": {
        "quiet": false,
        "reportFilename": "mochawesome",
        "saveHtml": true,
        "saveJson": true,
        "consoleReporter": "spec",
        "useInlineDiffs": false,
        "code": true
      },
      "version": "7.1.3"
    },
    "marge": {
      "options": {
        "reporterDir": "cypress/report/mochawesome-report",
        "overwrite": true,
        "html": true,
        "charts": true,
        "json": true,
        "code": true,
        "reportTitle": "Teste da Alura PIC",
        "timestamp": "dd-mm-yyyy_HH:MM:ss"
      },
      "version": "6.2.0"
    }
  }
}