{
  "stats": {
    "suites": 1,
    "tests": 2,
    "passes": 2,
    "pending": 0,
    "failures": 0,
    "start": "2023-03-30T23:34:43.173Z",
    "end": "2023-03-30T23:34:50.299Z",
    "duration": 7126,
    "testsRegistered": 2,
    "passPercent": 100,
    "pendingPercent": 0,
    "other": 0,
    "hasOther": false,
    "skipped": 0,
    "hasSkipped": false
  },
  "results": [
    {
      "uuid": "ea371746-27d9-4f0f-9b26-56de1bf66663",
      "title": "",
      "fullFile": "cypress/integration/AluraPic/aluraPic.spec.js",
      "file": "cypress/integration/AluraPic/aluraPic.spec.js",
      "beforeHooks": [],
      "afterHooks": [],
      "tests": [],
      "suites": [
        {
          "uuid": "143a696a-d07e-45fe-97b8-06248c3da620",
          "title": "alura PIC",
          "fullFile": "",
          "file": "",
          "beforeHooks": [],
          "afterHooks": [],
          "tests": [
            {
              "title": "Login com usuário válido",
              "fullTitle": "alura PIC Login com usuário válido",
              "timedOut": null,
              "duration": 5335,
              "state": "passed",
              "speed": "medium",
              "pass": true,
              "fail": false,
              "pending": false,
              "context": null,
              "code": "cy.login(Cypress.env('userName'), Cypress.env('password'));\ncy.contains('a', '(Logout)').should('be.visible');",
              "err": {},
              "uuid": "bbb8379d-7af8-4fd0-8760-d9dc4d7da2f4",
              "parentUUID": "143a696a-d07e-45fe-97b8-06248c3da620",
              "isHook": false,
              "skipped": false
            },
            {
              "title": "Fazer login com usuário Inválido",
              "fullTitle": "alura PIC Fazer login com usuário Inválido",
              "timedOut": null,
              "duration": 1666,
              "state": "passed",
              "speed": "fast",
              "pass": true,
              "fail": false,
              "pending": false,
              "context": null,
              "code": "cy.login('cristian', '1234');\ncy.on('window:alert', str => {\n  expect(str).to.equal('Invalid user name or password');\n});",
              "err": {},
              "uuid": "febdd1ee-56cf-4e84-b764-d13d66cd2bf7",
              "parentUUID": "143a696a-d07e-45fe-97b8-06248c3da620",
              "isHook": false,
              "skipped": false
            }
          ],
          "suites": [],
          "passes": [
            "bbb8379d-7af8-4fd0-8760-d9dc4d7da2f4",
            "febdd1ee-56cf-4e84-b764-d13d66cd2bf7"
          ],
          "failures": [],
          "pending": [],
          "skipped": [],
          "duration": 7001,
          "root": false,
          "rootEmpty": false,
          "_timeout": 2000
        }
      ],
      "passes": [],
      "failures": [],
      "pending": [],
      "skipped": [],
      "duration": 0,
      "root": true,
      "rootEmpty": true,
      "_timeout": 2000
    }
  ],
  "meta": {
    "mocha": {
      "version": "7.0.1"
    },
    "mochawesome": {
      "options": {
        "quiet": false,
        "reportFilename": "mochawesome",
        "saveHtml": true,
        "saveJson": true,
        "consoleReporter": "spec",
        "useInlineDiffs": false,
        "code": true
      },
      "version": "7.1.3"
    },
    "marge": {
      "options": {
        "reporterDir": "cypress/report/mochawesome-report",
        "overwrite": true,
        "html": true,
        "charts": true,
        "json": true,
        "code": true,
        "reportTitle": "Teste da Alura PIC",
        "timestamp": "dd-mm-yyyy_HH:MM:ss"
      },
      "version": "6.2.0"
    }
  }
}