{
  "stats": {
    "suites": 1,
    "tests": 1,
    "passes": 1,
    "pending": 0,
    "failures": 0,
    "start": "2023-03-30T19:45:19.399Z",
    "end": "2023-03-30T19:45:25.974Z",
    "duration": 6575,
    "testsRegistered": 1,
    "passPercent": 100,
    "pendingPercent": 0,
    "other": 0,
    "hasOther": false,
    "skipped": 0,
    "hasSkipped": false
  },
  "results": [
    {
      "uuid": "a014959a-6dcd-4c78-871b-f6d4aebf8583",
      "title": "",
      "fullFile": "cypress/integration/AluraPic/aluraPic.spec.js",
      "file": "cypress/integration/AluraPic/aluraPic.spec.js",
      "beforeHooks": [],
      "afterHooks": [],
      "tests": [],
      "suites": [
        {
          "uuid": "01a808b6-33d4-44d5-90ed-42864d2de1e1",
          "title": "alura PIC",
          "fullFile": "",
          "file": "",
          "beforeHooks": [],
          "afterHooks": [],
          "tests": [
            {
              "title": "Verificar botão habilitado na tela inicial",
              "fullTitle": "alura PIC Verificar botão habilitado na tela inicial",
              "timedOut": null,
              "duration": 3504,
              "state": "passed",
              "speed": "fast",
              "pass": true,
              "fail": false,
              "pending": false,
              "context": null,
              "code": "cy.get('input[formcontrolname=\"userName\"]').type('flavio');\ncy.get('input[formcontrolname=\"password\"]').type('123');\ncy.get('button[type=\"submit\"]').should('be.enabled');",
              "err": {},
              "uuid": "b8ee5f77-f2dd-40c8-969e-5350ee64fa20",
              "parentUUID": "01a808b6-33d4-44d5-90ed-42864d2de1e1",
              "isHook": false,
              "skipped": false
            }
          ],
          "suites": [],
          "passes": [
            "b8ee5f77-f2dd-40c8-969e-5350ee64fa20"
          ],
          "failures": [],
          "pending": [],
          "skipped": [],
          "duration": 3504,
          "root": false,
          "rootEmpty": false,
          "_timeout": 2000
        }
      ],
      "passes": [],
      "failures": [],
      "pending": [],
      "skipped": [],
      "duration": 0,
      "root": true,
      "rootEmpty": true,
      "_timeout": 2000
    }
  ],
  "meta": {
    "mocha": {
      "version": "7.0.1"
    },
    "mochawesome": {
      "options": {
        "quiet": false,
        "reportFilename": "mochawesome",
        "saveHtml": true,
        "saveJson": true,
        "consoleReporter": "spec",
        "useInlineDiffs": false,
        "code": true
      },
      "version": "7.1.3"
    },
    "marge": {
      "options": {
        "reporterDir": "cypress/report/mochawesome-report",
        "overwrite": true,
        "html": true,
        "charts": true,
        "json": true,
        "code": true,
        "reportTitle": "Teste da Alura PIC",
        "timestamp": "dd-mm-yyyy_HH:MM:ss"
      },
      "version": "6.2.0"
    }
  }
}