{
  "stats": {
    "suites": 1,
    "tests": 2,
    "passes": 2,
    "pending": 0,
    "failures": 0,
    "start": "2023-03-30T01:56:44.728Z",
    "end": "2023-03-30T01:56:54.797Z",
    "duration": 10069,
    "testsRegistered": 2,
    "passPercent": 100,
    "pendingPercent": 0,
    "other": 0,
    "hasOther": false,
    "skipped": 0,
    "hasSkipped": false
  },
  "results": [
    {
      "uuid": "37eeb358-18f5-43c7-a245-3c4e7493fab9",
      "title": "",
      "fullFile": "cypress/integration/AluraPic/aluraPic.spec.js",
      "file": "cypress/integration/AluraPic/aluraPic.spec.js",
      "beforeHooks": [],
      "afterHooks": [],
      "tests": [],
      "suites": [
        {
          "uuid": "dfafc507-227e-486e-acdc-3a9472170708",
          "title": "alura PIC",
          "fullFile": "",
          "file": "",
          "beforeHooks": [],
          "afterHooks": [],
          "tests": [
            {
              "title": "Fazer login com usuário válido",
              "fullTitle": "alura PIC Fazer login com usuário válido",
              "timedOut": null,
              "duration": 4935,
              "state": "passed",
              "speed": "fast",
              "pass": true,
              "fail": false,
              "pending": false,
              "context": null,
              "code": "cy.get('input[formcontrolname=\"userName\"]').type('flavio');\ncy.get('input[formcontrolname=\"password\"]').type('123');\ncy.get('button[type=\"submit\"]').click();\ncy.contains('a', '(Logout)').should('be.visible');",
              "err": {},
              "uuid": "cbe625cb-a3cd-4c7e-8fe6-a156fd4284b2",
              "parentUUID": "dfafc507-227e-486e-acdc-3a9472170708",
              "isHook": false,
              "skipped": false
            },
            {
              "title": "Fazer login com usuário Inválido",
              "fullTitle": "alura PIC Fazer login com usuário Inválido",
              "timedOut": null,
              "duration": 2032,
              "state": "passed",
              "speed": "fast",
              "pass": true,
              "fail": false,
              "pending": false,
              "context": null,
              "code": "cy.login('cristian', '1234');\ncy.on('window:alert', str => {\n  expect(str).to.equal('Invalid user name or password');\n});",
              "err": {},
              "uuid": "8f50f410-cc29-4f7f-9c02-3d963bba0aab",
              "parentUUID": "dfafc507-227e-486e-acdc-3a9472170708",
              "isHook": false,
              "skipped": false
            }
          ],
          "suites": [],
          "passes": [
            "cbe625cb-a3cd-4c7e-8fe6-a156fd4284b2",
            "8f50f410-cc29-4f7f-9c02-3d963bba0aab"
          ],
          "failures": [],
          "pending": [],
          "skipped": [],
          "duration": 6967,
          "root": false,
          "rootEmpty": false,
          "_timeout": 2000
        }
      ],
      "passes": [],
      "failures": [],
      "pending": [],
      "skipped": [],
      "duration": 0,
      "root": true,
      "rootEmpty": true,
      "_timeout": 2000
    }
  ],
  "meta": {
    "mocha": {
      "version": "7.0.1"
    },
    "mochawesome": {
      "options": {
        "quiet": false,
        "reportFilename": "mochawesome",
        "saveHtml": true,
        "saveJson": true,
        "consoleReporter": "spec",
        "useInlineDiffs": false,
        "code": true
      },
      "version": "7.1.3"
    },
    "marge": {
      "options": {
        "reporterDir": "cypress/report/mochawesome-report",
        "overwrite": true,
        "html": true,
        "charts": true,
        "json": true,
        "code": true,
        "reportTitle": "Teste da Alura PIC",
        "timestamp": "dd-mm-yyyy_HH:MM:ss"
      },
      "version": "6.2.0"
    }
  }
}