{
  "stats": {
    "suites": 1,
    "tests": 15,
    "passes": 15,
    "pending": 0,
    "failures": 0,
    "start": "2023-03-30T01:35:39.632Z",
    "end": "2023-03-30T01:36:15.488Z",
    "duration": 35856,
    "testsRegistered": 15,
    "passPercent": 100,
    "pendingPercent": 0,
    "other": 0,
    "hasOther": false,
    "skipped": 0,
    "hasSkipped": false
  },
  "results": [
    {
      "uuid": "d31d29d2-e319-40b0-a53f-ed564082c938",
      "title": "",
      "fullFile": "cypress/integration/AluraPic/aluraPic.spec.js",
      "file": "cypress/integration/AluraPic/aluraPic.spec.js",
      "beforeHooks": [],
      "afterHooks": [],
      "tests": [],
      "suites": [
        {
          "uuid": "1daa05ba-4d0a-490e-bb1d-43164bfb811b",
          "title": "alura PIC",
          "fullFile": "",
          "file": "",
          "beforeHooks": [],
          "afterHooks": [],
          "tests": [
            {
              "title": "verificar mensagens de validação",
              "fullTitle": "alura PIC verificar mensagens de validação",
              "timedOut": null,
              "duration": 3544,
              "state": "passed",
              "speed": "fast",
              "pass": true,
              "fail": false,
              "pending": false,
              "context": null,
              "code": "cy.contains('a', 'Register now').click();\ncy.contains('button', 'Register').click();\ncy.contains('ap-vmessage', 'Email is required').should('be.visible');\ncy.contains('button', 'Register').click();\ncy.contains('ap-vmessage', 'Full name is required').should('be.visible');\ncy.contains('ap-vmessage', 'User name is required').should('be.visible');\ncy.contains('ap-vmessage', 'Password is required').should('be.visible');\ncy.contains('h4', 'Register to embrace a new world!').should('be.visible');",
              "err": {},
              "uuid": "46effee5-a9e5-4545-89fd-c79b3925b59c",
              "parentUUID": "1daa05ba-4d0a-490e-bb1d-43164bfb811b",
              "isHook": false,
              "skipped": false
            },
            {
              "title": "verificar mensagens de email inválido",
              "fullTitle": "alura PIC verificar mensagens de email inválido",
              "timedOut": null,
              "duration": 2176,
              "state": "passed",
              "speed": "fast",
              "pass": true,
              "fail": false,
              "pending": false,
              "context": null,
              "code": "cy.contains('a', 'Register now').click();\ncy.contains('button', 'Register').click();\ncy.get('input[formcontrolname=\"email\"]').type('cristian');\ncy.contains('ap-vmessage', 'Invalid e-mail').should('be.visible');",
              "err": {},
              "uuid": "33c841a7-adb1-4694-b35c-71dc74ae56ff",
              "parentUUID": "1daa05ba-4d0a-490e-bb1d-43164bfb811b",
              "isHook": false,
              "skipped": false
            },
            {
              "title": "verifica mensagem campo de Email não pode ser vazio",
              "fullTitle": "alura PIC verifica mensagem campo de Email não pode ser vazio",
              "timedOut": null,
              "duration": 2203,
              "state": "passed",
              "speed": "fast",
              "pass": true,
              "fail": false,
              "pending": false,
              "context": null,
              "code": "cy.contains('a', 'Register now').click();\ncy.contains('button', 'Register').click();\ncy.get('input[formcontrolname=\"email\"]').click().blur();\ncy.contains('ap-vmessage', 'Email is required!').should('be.visible');",
              "err": {},
              "uuid": "f80eb775-e91f-4fc5-97dc-e2c65f57decb",
              "parentUUID": "1daa05ba-4d0a-490e-bb1d-43164bfb811b",
              "isHook": false,
              "skipped": false
            },
            {
              "title": "verificar mensagens de nome completo - deve ter tamanho minimo de 2 caracteres",
              "fullTitle": "alura PIC verificar mensagens de nome completo - deve ter tamanho minimo de 2 caracteres",
              "timedOut": null,
              "duration": 1491,
              "state": "passed",
              "speed": "fast",
              "pass": true,
              "fail": false,
              "pending": false,
              "context": null,
              "code": "cy.contains('a', 'Register now').click();\ncy.contains('button', 'Register').click();\ncy.get('input[formcontrolname=\"fullName\"]').type('0');\ncy.contains('button', 'Register').click();\ncy.contains('ap-vmessage', 'Mininum length is 2').should('be.visible');",
              "err": {},
              "uuid": "e522255b-1632-4daa-bfc3-aecca87e5354",
              "parentUUID": "1daa05ba-4d0a-490e-bb1d-43164bfb811b",
              "isHook": false,
              "skipped": false
            },
            {
              "title": "verifica mensagem campo nome completo não pode ser vazio",
              "fullTitle": "alura PIC verifica mensagem campo nome completo não pode ser vazio",
              "timedOut": null,
              "duration": 1324,
              "state": "passed",
              "speed": "fast",
              "pass": true,
              "fail": false,
              "pending": false,
              "context": null,
              "code": "cy.contains('a', 'Register now').click();\ncy.contains('button', 'Register').click();\ncy.get('input[formcontrolname=\"fullName\"]').click().blur();\ncy.contains('ap-vmessage', 'Full name is required!').should('be.visible');",
              "err": {},
              "uuid": "7d3741a9-e442-48a4-aafe-564028486ff8",
              "parentUUID": "1daa05ba-4d0a-490e-bb1d-43164bfb811b",
              "isHook": false,
              "skipped": false
            },
            {
              "title": "verifica mensagem campo nome de usuário não pode ser vazio",
              "fullTitle": "alura PIC verifica mensagem campo nome de usuário não pode ser vazio",
              "timedOut": null,
              "duration": 1269,
              "state": "passed",
              "speed": "fast",
              "pass": true,
              "fail": false,
              "pending": false,
              "context": null,
              "code": "cy.contains('a', 'Register now').click();\ncy.contains('button', 'Register').click();\ncy.get('input[formcontrolname=\"userName\"]').click().blur();\ncy.contains('ap-vmessage', 'User name is required!').should('be.visible');",
              "err": {},
              "uuid": "10dc8cd6-666a-4f48-b5ef-fdca59c13f05",
              "parentUUID": "1daa05ba-4d0a-490e-bb1d-43164bfb811b",
              "isHook": false,
              "skipped": false
            },
            {
              "title": "verifica mensagem campo Nome de usuário indisponível",
              "fullTitle": "alura PIC verifica mensagem campo Nome de usuário indisponível",
              "timedOut": null,
              "duration": 2953,
              "state": "passed",
              "speed": "fast",
              "pass": true,
              "fail": false,
              "pending": false,
              "context": null,
              "code": "cy.contains('a', 'Register now').click();\ncy.contains('button', 'Register').click();\ncy.get('input[formcontrolname=\"userName\"]').type('flavio');\ncy.contains('button', 'Register').click();\ncy.contains('ap-vmessage', 'Username already taken').should('be.visible');",
              "err": {},
              "uuid": "03df1003-510a-480a-8c1b-7d4d97b7c9f1",
              "parentUUID": "1daa05ba-4d0a-490e-bb1d-43164bfb811b",
              "isHook": false,
              "skipped": false
            },
            {
              "title": "verifica mensagem campo Nome de usuário deve ser em letras minúsculas",
              "fullTitle": "alura PIC verifica mensagem campo Nome de usuário deve ser em letras minúsculas",
              "timedOut": null,
              "duration": 1673,
              "state": "passed",
              "speed": "fast",
              "pass": true,
              "fail": false,
              "pending": false,
              "context": null,
              "code": "cy.contains('a', 'Register now').click();\ncy.contains('button', 'Register').click();\ncy.get('input[formcontrolname=\"userName\"]').type('Cristian');\ncy.contains('button', 'Register').click();\ncy.contains('ap-vmessage', 'Must be lower case').should('be.visible');",
              "err": {},
              "uuid": "4a9a682d-69c0-42d6-8c33-e0f44a6aa7f4",
              "parentUUID": "1daa05ba-4d0a-490e-bb1d-43164bfb811b",
              "isHook": false,
              "skipped": false
            },
            {
              "title": "verifica mensagem campo senha deve ter no minimo 8 caracteres",
              "fullTitle": "alura PIC verifica mensagem campo senha deve ter no minimo 8 caracteres",
              "timedOut": null,
              "duration": 1652,
              "state": "passed",
              "speed": "fast",
              "pass": true,
              "fail": false,
              "pending": false,
              "context": null,
              "code": "cy.contains('a', 'Register now').click();\ncy.contains('button', 'Register').click();\ncy.get('input[formcontrolname=\"password\"]').type('1234567');\ncy.contains('button', 'Register').click();\ncy.contains('ap-vmessage', 'Mininum length is 8').should('be.visible');",
              "err": {},
              "uuid": "c4a08eca-bd06-4185-9336-db7542d6df67",
              "parentUUID": "1daa05ba-4d0a-490e-bb1d-43164bfb811b",
              "isHook": false,
              "skipped": false
            },
            {
              "title": "Fazer login com usuário válido",
              "fullTitle": "alura PIC Fazer login com usuário válido",
              "timedOut": null,
              "duration": 2055,
              "state": "passed",
              "speed": "fast",
              "pass": true,
              "fail": false,
              "pending": false,
              "context": null,
              "code": "cy.get('input[formcontrolname=\"userName\"]').type('flavio');\ncy.get('input[formcontrolname=\"password\"]').type('123');\ncy.get('button[type=\"submit\"]').click();\ncy.contains('a', '(Logout)').should('be.visible');",
              "err": {},
              "uuid": "98536956-2393-4e9f-9c21-d1e421485c02",
              "parentUUID": "1daa05ba-4d0a-490e-bb1d-43164bfb811b",
              "isHook": false,
              "skipped": false
            },
            {
              "title": "Fazer login com usuário Inválido",
              "fullTitle": "alura PIC Fazer login com usuário Inválido",
              "timedOut": null,
              "duration": 1385,
              "state": "passed",
              "speed": "fast",
              "pass": true,
              "fail": false,
              "pending": false,
              "context": null,
              "code": "cy.login('cristian', '1234');\ncy.on('window:alert', str => {\n  expect(str).to.equal('Invalid user name or password');\n});",
              "err": {},
              "uuid": "4e5b0057-b59c-415e-b8f0-895650070dbf",
              "parentUUID": "1daa05ba-4d0a-490e-bb1d-43164bfb811b",
              "isHook": false,
              "skipped": false
            },
            {
              "title": "Fazer cadastro de novo usuário válido",
              "fullTitle": "alura PIC Fazer cadastro de novo usuário válido",
              "timedOut": null,
              "duration": 2421,
              "state": "passed",
              "speed": "fast",
              "pass": true,
              "fail": false,
              "pending": false,
              "context": null,
              "code": "cy.registrar('teste@gmail.com', 'eisenhut', 'erfb', '12345678');\ncy.contains('button', 'Register').click();",
              "err": {},
              "uuid": "b82e6e3e-8d05-4676-9b48-cc6726b61fa1",
              "parentUUID": "1daa05ba-4d0a-490e-bb1d-43164bfb811b",
              "isHook": false,
              "skipped": false
            },
            {
              "title": "registrar novo usuario bob",
              "fullTitle": "alura PIC registrar novo usuario bob",
              "timedOut": null,
              "duration": 2531,
              "state": "passed",
              "speed": "fast",
              "pass": true,
              "fail": false,
              "pending": false,
              "context": null,
              "code": "cy.contains('a', 'Register now').click();\ncy.contains('button', 'Register').click();\ncy.get('input[formcontrolname=\"email\"]').type(usuario.email);\ncy.get('input[formcontrolname=\"fullName\"]').type(usuario.fullName);\ncy.get('input[formcontrolname=\"userName\"]').type(usuario.userName);\ncy.get('input[formcontrolname=\"password\"]').type(usuario.password);\ncy.contains('button', 'Register').click();",
              "err": {},
              "uuid": "f025e74e-fedc-46de-9a0d-1e35592f123c",
              "parentUUID": "1daa05ba-4d0a-490e-bb1d-43164bfb811b",
              "isHook": false,
              "skipped": false
            },
            {
              "title": "registrar novo usuario patrick",
              "fullTitle": "alura PIC registrar novo usuario patrick",
              "timedOut": null,
              "duration": 2452,
              "state": "passed",
              "speed": "fast",
              "pass": true,
              "fail": false,
              "pending": false,
              "context": null,
              "code": "cy.contains('a', 'Register now').click();\ncy.contains('button', 'Register').click();\ncy.get('input[formcontrolname=\"email\"]').type(usuario.email);\ncy.get('input[formcontrolname=\"fullName\"]').type(usuario.fullName);\ncy.get('input[formcontrolname=\"userName\"]').type(usuario.userName);\ncy.get('input[formcontrolname=\"password\"]').type(usuario.password);\ncy.contains('button', 'Register').click();",
              "err": {},
              "uuid": "ae67dd48-e418-4d64-86a0-d267313ba2ee",
              "parentUUID": "1daa05ba-4d0a-490e-bb1d-43164bfb811b",
              "isHook": false,
              "skipped": false
            },
            {
              "title": "registrar novo usuario lula",
              "fullTitle": "alura PIC registrar novo usuario lula",
              "timedOut": null,
              "duration": 2502,
              "state": "passed",
              "speed": "fast",
              "pass": true,
              "fail": false,
              "pending": false,
              "context": null,
              "code": "cy.contains('a', 'Register now').click();\ncy.contains('button', 'Register').click();\ncy.get('input[formcontrolname=\"email\"]').type(usuario.email);\ncy.get('input[formcontrolname=\"fullName\"]').type(usuario.fullName);\ncy.get('input[formcontrolname=\"userName\"]').type(usuario.userName);\ncy.get('input[formcontrolname=\"password\"]').type(usuario.password);\ncy.contains('button', 'Register').click();",
              "err": {},
              "uuid": "0c32b909-6dfd-4e1f-96ef-31ac8e5958da",
              "parentUUID": "1daa05ba-4d0a-490e-bb1d-43164bfb811b",
              "isHook": false,
              "skipped": false
            }
          ],
          "suites": [],
          "passes": [
            "46effee5-a9e5-4545-89fd-c79b3925b59c",
            "33c841a7-adb1-4694-b35c-71dc74ae56ff",
            "f80eb775-e91f-4fc5-97dc-e2c65f57decb",
            "e522255b-1632-4daa-bfc3-aecca87e5354",
            "7d3741a9-e442-48a4-aafe-564028486ff8",
            "10dc8cd6-666a-4f48-b5ef-fdca59c13f05",
            "03df1003-510a-480a-8c1b-7d4d97b7c9f1",
            "4a9a682d-69c0-42d6-8c33-e0f44a6aa7f4",
            "c4a08eca-bd06-4185-9336-db7542d6df67",
            "98536956-2393-4e9f-9c21-d1e421485c02",
            "4e5b0057-b59c-415e-b8f0-895650070dbf",
            "b82e6e3e-8d05-4676-9b48-cc6726b61fa1",
            "f025e74e-fedc-46de-9a0d-1e35592f123c",
            "ae67dd48-e418-4d64-86a0-d267313ba2ee",
            "0c32b909-6dfd-4e1f-96ef-31ac8e5958da"
          ],
          "failures": [],
          "pending": [],
          "skipped": [],
          "duration": 31631,
          "root": false,
          "rootEmpty": false,
          "_timeout": 2000
        }
      ],
      "passes": [],
      "failures": [],
      "pending": [],
      "skipped": [],
      "duration": 0,
      "root": true,
      "rootEmpty": true,
      "_timeout": 2000
    }
  ],
  "meta": {
    "mocha": {
      "version": "7.0.1"
    },
    "mochawesome": {
      "options": {
        "quiet": false,
        "reportFilename": "mochawesome",
        "saveHtml": true,
        "saveJson": true,
        "consoleReporter": "spec",
        "useInlineDiffs": false,
        "code": true
      },
      "version": "7.1.3"
    },
    "marge": {
      "options": {
        "reporterDir": "cypress/report/mochawesome-report",
        "overwrite": true,
        "html": true,
        "charts": true,
        "json": true,
        "code": true,
        "reportTitle": "Teste da Alura PIC",
        "timestamp": "dd-mm-yyyy_HH:MM:ss"
      },
      "version": "6.2.0"
    }
  }
}