{
  "stats": {
    "suites": 1,
    "tests": 1,
    "passes": 0,
    "pending": 0,
    "failures": 1,
    "start": "2023-03-30T20:23:57.335Z",
    "end": "2023-03-30T20:24:08.196Z",
    "duration": 10861,
    "testsRegistered": 1,
    "passPercent": 0,
    "pendingPercent": 0,
    "other": 0,
    "hasOther": false,
    "skipped": 0,
    "hasSkipped": false
  },
  "results": [
    {
      "uuid": "eb52c7bf-54dc-4b36-a1d0-598cd92fc4c1",
      "title": "",
      "fullFile": "cypress/integration/AluraPic/aluraPic.spec.js",
      "file": "cypress/integration/AluraPic/aluraPic.spec.js",
      "beforeHooks": [],
      "afterHooks": [],
      "tests": [],
      "suites": [
        {
          "uuid": "30950e17-b831-418f-b737-debb4eff0f7a",
          "title": "alura PIC",
          "fullFile": "",
          "file": "",
          "beforeHooks": [],
          "afterHooks": [],
          "tests": [
            {
              "title": "Buscar fotos do flavio",
              "fullTitle": "alura PIC Buscar fotos do flavio",
              "timedOut": null,
              "duration": 6982,
              "state": "failed",
              "speed": null,
              "pass": false,
              "fail": true,
              "pending": false,
              "context": null,
              "code": "//temppo escolhido de forma sorteada, randomica\nconst tempoEsperado = Math.random() * 2000;\ncy.request({\n  method: 'GET',\n  url: 'https://apialurapic.herokuapp.com/flavio/photos'\n}).then(res => {\n  expect(res.status).to.be.equal(200);\n  expect(res.body).is.not.empty;\n  expect(res.body[0]).to.have.property('description');\n  expect(res.body[0].description).to.be.equal('Farol iluminado');\n  expect(res.duration).to.be.lte(tempoEsperado);\n});",
              "err": {
                "message": "AssertionError: expected 2533 to be at most 1610.1390998614816",
                "estack": "AssertionError: expected 2533 to be at most 1610.1390998614816\n    at Context.eval (https://alura-fotos.herokuapp.com/__cypress/tests?p=cypress\\integration\\AluraPic\\aluraPic.spec.js:233:34)",
                "diff": "- 2533\n+ 1610.1390998614816\n"
              },
              "uuid": "07b428ee-f6c2-4dd9-a755-be0bfd8d22a7",
              "parentUUID": "30950e17-b831-418f-b737-debb4eff0f7a",
              "isHook": false,
              "skipped": false
            }
          ],
          "suites": [],
          "passes": [],
          "failures": [
            "07b428ee-f6c2-4dd9-a755-be0bfd8d22a7"
          ],
          "pending": [],
          "skipped": [],
          "duration": 6982,
          "root": false,
          "rootEmpty": false,
          "_timeout": 2000
        }
      ],
      "passes": [],
      "failures": [],
      "pending": [],
      "skipped": [],
      "duration": 0,
      "root": true,
      "rootEmpty": true,
      "_timeout": 2000
    }
  ],
  "meta": {
    "mocha": {
      "version": "7.0.1"
    },
    "mochawesome": {
      "options": {
        "quiet": false,
        "reportFilename": "mochawesome",
        "saveHtml": true,
        "saveJson": true,
        "consoleReporter": "spec",
        "useInlineDiffs": false,
        "code": true
      },
      "version": "7.1.3"
    },
    "marge": {
      "options": {
        "reporterDir": "cypress/report/mochawesome-report",
        "overwrite": true,
        "html": true,
        "charts": true,
        "json": true,
        "code": true,
        "reportTitle": "Teste da Alura PIC",
        "timestamp": "dd-mm-yyyy_HH:MM:ss"
      },
      "version": "6.2.0"
    }
  }
}