{
  "stats": {
    "suites": 1,
    "tests": 1,
    "passes": 1,
    "pending": 0,
    "failures": 0,
    "start": "2023-03-30T18:20:24.251Z",
    "end": "2023-03-30T18:20:30.964Z",
    "duration": 6713,
    "testsRegistered": 1,
    "passPercent": 100,
    "pendingPercent": 0,
    "other": 0,
    "hasOther": false,
    "skipped": 0,
    "hasSkipped": false
  },
  "results": [
    {
      "uuid": "e38a9d4b-10c6-48b4-8663-7da8d492475e",
      "title": "",
      "fullFile": "cypress/integration/AluraPic/aluraPic.spec.js",
      "file": "cypress/integration/AluraPic/aluraPic.spec.js",
      "beforeHooks": [],
      "afterHooks": [],
      "tests": [],
      "suites": [
        {
          "uuid": "7a17c553-411e-4ce8-854f-708459760cb1",
          "title": "alura PIC",
          "fullFile": "",
          "file": "",
          "beforeHooks": [],
          "afterHooks": [],
          "tests": [
            {
              "title": "Fazer login do flavio",
              "fullTitle": "alura PIC Fazer login do flavio",
              "timedOut": null,
              "duration": 3309,
              "state": "passed",
              "speed": "fast",
              "pass": true,
              "fail": false,
              "pending": false,
              "context": null,
              "code": "cy.request({\n  method: 'POST',\n  url: 'https://apialurapic.herokuapp.com/user/login',\n  body: Cypress.env()\n}).then(res => {\n  expect(res.status).to.be.equal(200);\n  expect(res.body).is.not.empty;\n  expect(res.body).to.have.property('id');\n  expect(res.body.id).to.be.equal(1);\n  expect(res.body).to.have.property('email');\n  expect(res.body.email).to.be.equal('flavio@alurapic.com.br');\n});",
              "err": {},
              "uuid": "9c6e3614-bd6e-49cd-82d0-1abf80f59ab2",
              "parentUUID": "7a17c553-411e-4ce8-854f-708459760cb1",
              "isHook": false,
              "skipped": false
            }
          ],
          "suites": [],
          "passes": [
            "9c6e3614-bd6e-49cd-82d0-1abf80f59ab2"
          ],
          "failures": [],
          "pending": [],
          "skipped": [],
          "duration": 3309,
          "root": false,
          "rootEmpty": false,
          "_timeout": 2000
        }
      ],
      "passes": [],
      "failures": [],
      "pending": [],
      "skipped": [],
      "duration": 0,
      "root": true,
      "rootEmpty": true,
      "_timeout": 2000
    }
  ],
  "meta": {
    "mocha": {
      "version": "7.0.1"
    },
    "mochawesome": {
      "options": {
        "quiet": false,
        "reportFilename": "mochawesome",
        "saveHtml": true,
        "saveJson": true,
        "consoleReporter": "spec",
        "useInlineDiffs": false,
        "code": true
      },
      "version": "7.1.3"
    },
    "marge": {
      "options": {
        "reporterDir": "cypress/report/mochawesome-report",
        "overwrite": true,
        "html": true,
        "charts": true,
        "json": true,
        "code": true,
        "reportTitle": "Teste da Alura PIC",
        "timestamp": "dd-mm-yyyy_HH:MM:ss"
      },
      "version": "6.2.0"
    }
  }
}