{
  "stats": {
    "suites": 1,
    "tests": 21,
    "passes": 21,
    "pending": 0,
    "failures": 0,
    "start": "2023-04-01T17:55:48.383Z",
    "end": "2023-04-01T17:56:32.939Z",
    "duration": 44556,
    "testsRegistered": 21,
    "passPercent": 100,
    "pendingPercent": 0,
    "other": 0,
    "hasOther": false,
    "skipped": 0,
    "hasSkipped": false
  },
  "results": [
    {
      "uuid": "1540cd9c-2961-4c8f-8652-86c5fa749fb1",
      "title": "",
      "fullFile": "cypress/integration/AluraPic/aluraPic.spec.js",
      "file": "cypress/integration/AluraPic/aluraPic.spec.js",
      "beforeHooks": [],
      "afterHooks": [],
      "tests": [],
      "suites": [
        {
          "uuid": "7120eb7a-b258-4fd7-b6b7-cb578bb8f9cc",
          "title": "alura PIC",
          "fullFile": "",
          "file": "",
          "beforeHooks": [],
          "afterHooks": [],
          "tests": [
            {
              "title": "Login com usuário válido",
              "fullTitle": "alura PIC Login com usuário válido",
              "timedOut": null,
              "duration": 5505,
              "state": "passed",
              "speed": "medium",
              "pass": true,
              "fail": false,
              "pending": false,
              "context": null,
              "code": "cy.login(Cypress.env('userName'), Cypress.env('password'));\ncy.contains('a', '(Logout)').should('be.visible');",
              "err": {},
              "uuid": "d3f0c2ed-1fec-4448-a672-a71c5dc7aae6",
              "parentUUID": "7120eb7a-b258-4fd7-b6b7-cb578bb8f9cc",
              "isHook": false,
              "skipped": false
            },
            {
              "title": "verificar mensagens de validação",
              "fullTitle": "alura PIC verificar mensagens de validação",
              "timedOut": null,
              "duration": 2045,
              "state": "passed",
              "speed": "fast",
              "pass": true,
              "fail": false,
              "pending": false,
              "context": null,
              "code": "cy.contains('a', 'Register now').click();\ncy.contains('button', 'Register').click();\ncy.contains('ap-vmessage', 'Email is required').should('be.visible');\ncy.contains('button', 'Register').click();\ncy.contains('ap-vmessage', 'Full name is required').should('be.visible');\ncy.contains('ap-vmessage', 'User name is required').should('be.visible');\ncy.contains('ap-vmessage', 'Password is required').should('be.visible');\ncy.contains('h4', 'Register to embrace a new world!').should('be.visible');",
              "err": {},
              "uuid": "a359564e-5317-420f-9012-1be3aadd2339",
              "parentUUID": "7120eb7a-b258-4fd7-b6b7-cb578bb8f9cc",
              "isHook": false,
              "skipped": false
            },
            {
              "title": "verificar mensagens de email inválido",
              "fullTitle": "alura PIC verificar mensagens de email inválido",
              "timedOut": null,
              "duration": 1552,
              "state": "passed",
              "speed": "fast",
              "pass": true,
              "fail": false,
              "pending": false,
              "context": null,
              "code": "cy.contains('a', 'Register now').click();\ncy.contains('button', 'Register').click();\ncy.get('input[formcontrolname=\"email\"]').type('cristian');\ncy.contains('ap-vmessage', 'Invalid e-mail').should('be.visible');",
              "err": {},
              "uuid": "35550d09-c400-4243-ba04-b3e65eff7996",
              "parentUUID": "7120eb7a-b258-4fd7-b6b7-cb578bb8f9cc",
              "isHook": false,
              "skipped": false
            },
            {
              "title": "verifica mensagem campo de Email não pode ser vazio",
              "fullTitle": "alura PIC verifica mensagem campo de Email não pode ser vazio",
              "timedOut": null,
              "duration": 1312,
              "state": "passed",
              "speed": "fast",
              "pass": true,
              "fail": false,
              "pending": false,
              "context": null,
              "code": "cy.contains('a', 'Register now').click();\ncy.contains('button', 'Register').click();\ncy.get('input[formcontrolname=\"email\"]').click().blur();\ncy.contains('ap-vmessage', 'Email is required!').should('be.visible');",
              "err": {},
              "uuid": "68d73a88-418b-40cf-9c5d-97efa08f6821",
              "parentUUID": "7120eb7a-b258-4fd7-b6b7-cb578bb8f9cc",
              "isHook": false,
              "skipped": false
            },
            {
              "title": "verificar mensagens de nome completo - deve ter tamanho minimo de 2 caracteres",
              "fullTitle": "alura PIC verificar mensagens de nome completo - deve ter tamanho minimo de 2 caracteres",
              "timedOut": null,
              "duration": 1652,
              "state": "passed",
              "speed": "fast",
              "pass": true,
              "fail": false,
              "pending": false,
              "context": null,
              "code": "cy.contains('a', 'Register now').click();\ncy.contains('button', 'Register').click();\ncy.get('input[formcontrolname=\"fullName\"]').type('0');\ncy.contains('button', 'Register').click();\ncy.contains('ap-vmessage', 'Mininum length is 2').should('be.visible');",
              "err": {},
              "uuid": "51dd6e0d-96d7-44dd-9fa8-beeff0522a96",
              "parentUUID": "7120eb7a-b258-4fd7-b6b7-cb578bb8f9cc",
              "isHook": false,
              "skipped": false
            },
            {
              "title": "verifica mensagem campo nome completo não pode ser vazio",
              "fullTitle": "alura PIC verifica mensagem campo nome completo não pode ser vazio",
              "timedOut": null,
              "duration": 1436,
              "state": "passed",
              "speed": "fast",
              "pass": true,
              "fail": false,
              "pending": false,
              "context": null,
              "code": "cy.contains('a', 'Register now').click();\ncy.contains('button', 'Register').click();\ncy.get('input[formcontrolname=\"fullName\"]').click().blur();\ncy.contains('ap-vmessage', 'Full name is required!').should('be.visible');",
              "err": {},
              "uuid": "6afbbfc7-f3e3-4aa9-aea3-4c9d8888f047",
              "parentUUID": "7120eb7a-b258-4fd7-b6b7-cb578bb8f9cc",
              "isHook": false,
              "skipped": false
            },
            {
              "title": "verifica mensagem campo nome de usuário não pode ser vazio",
              "fullTitle": "alura PIC verifica mensagem campo nome de usuário não pode ser vazio",
              "timedOut": null,
              "duration": 1454,
              "state": "passed",
              "speed": "fast",
              "pass": true,
              "fail": false,
              "pending": false,
              "context": null,
              "code": "cy.contains('a', 'Register now').click();\ncy.contains('button', 'Register').click();\ncy.get('input[formcontrolname=\"userName\"]').click().blur();\ncy.contains('ap-vmessage', 'User name is required!').should('be.visible');",
              "err": {},
              "uuid": "cb4118bd-e5f1-4075-8c49-be46422f7738",
              "parentUUID": "7120eb7a-b258-4fd7-b6b7-cb578bb8f9cc",
              "isHook": false,
              "skipped": false
            },
            {
              "title": "verifica mensagem campo Nome de usuário indisponível",
              "fullTitle": "alura PIC verifica mensagem campo Nome de usuário indisponível",
              "timedOut": null,
              "duration": 2238,
              "state": "passed",
              "speed": "fast",
              "pass": true,
              "fail": false,
              "pending": false,
              "context": null,
              "code": "cy.contains('a', 'Register now').click();\ncy.contains('button', 'Register').click();\ncy.get('input[formcontrolname=\"userName\"]').type('flavio');\ncy.contains('button', 'Register').click();\ncy.contains('ap-vmessage', 'Username already taken').should('be.visible');",
              "err": {},
              "uuid": "629b367e-d54c-4559-a3ab-af45975abca7",
              "parentUUID": "7120eb7a-b258-4fd7-b6b7-cb578bb8f9cc",
              "isHook": false,
              "skipped": false
            },
            {
              "title": "verifica mensagem campo Nome de usuário deve ser em letras minúsculas",
              "fullTitle": "alura PIC verifica mensagem campo Nome de usuário deve ser em letras minúsculas",
              "timedOut": null,
              "duration": 2618,
              "state": "passed",
              "speed": "fast",
              "pass": true,
              "fail": false,
              "pending": false,
              "context": null,
              "code": "cy.contains('a', 'Register now').click();\ncy.contains('button', 'Register').click();\ncy.get('input[formcontrolname=\"userName\"]').type('Cristian');\ncy.contains('button', 'Register').click();\ncy.contains('ap-vmessage', 'Must be lower case').should('be.visible');",
              "err": {},
              "uuid": "772b744b-0634-42dc-a4ba-d42d475ec20a",
              "parentUUID": "7120eb7a-b258-4fd7-b6b7-cb578bb8f9cc",
              "isHook": false,
              "skipped": false
            },
            {
              "title": "verifica mensagem campo senha deve ter no minimo 8 caracteres",
              "fullTitle": "alura PIC verifica mensagem campo senha deve ter no minimo 8 caracteres",
              "timedOut": null,
              "duration": 1657,
              "state": "passed",
              "speed": "fast",
              "pass": true,
              "fail": false,
              "pending": false,
              "context": null,
              "code": "cy.contains('a', 'Register now').click();\ncy.contains('button', 'Register').click();\ncy.get('input[formcontrolname=\"password\"]').type('1234567');\ncy.contains('button', 'Register').click();\ncy.contains('ap-vmessage', 'Mininum length is 8').should('be.visible');",
              "err": {},
              "uuid": "5f353fbe-7257-4381-b1c6-2e1065b22f5f",
              "parentUUID": "7120eb7a-b258-4fd7-b6b7-cb578bb8f9cc",
              "isHook": false,
              "skipped": false
            },
            {
              "title": "Fazer login com usuário válido",
              "fullTitle": "alura PIC Fazer login com usuário válido",
              "timedOut": null,
              "duration": 2167,
              "state": "passed",
              "speed": "fast",
              "pass": true,
              "fail": false,
              "pending": false,
              "context": null,
              "code": "cy.get('input[formcontrolname=\"userName\"]').type('flavio');\ncy.get('input[formcontrolname=\"password\"]').type('123');\ncy.get('button[type=\"submit\"]').click();\ncy.contains('a', '(Logout)').should('be.visible');",
              "err": {},
              "uuid": "84dd8b6d-5c5e-4086-8b25-0666e1bc69e9",
              "parentUUID": "7120eb7a-b258-4fd7-b6b7-cb578bb8f9cc",
              "isHook": false,
              "skipped": false
            },
            {
              "title": "Verificar botão habilitado na tela inicial",
              "fullTitle": "alura PIC Verificar botão habilitado na tela inicial",
              "timedOut": null,
              "duration": 1346,
              "state": "passed",
              "speed": "fast",
              "pass": true,
              "fail": false,
              "pending": false,
              "context": null,
              "code": "cy.get('input[formcontrolname=\"userName\"]').type('flavio');\ncy.get('input[formcontrolname=\"password\"]').type('123');\ncy.get('button[type=\"submit\"]').should('be.enabled');",
              "err": {},
              "uuid": "fb4c5c6f-4f61-4174-b34a-2f56b7665970",
              "parentUUID": "7120eb7a-b258-4fd7-b6b7-cb578bb8f9cc",
              "isHook": false,
              "skipped": false
            },
            {
              "title": "Verificar nome da aplicação na tela inicial",
              "fullTitle": "alura PIC Verificar nome da aplicação na tela inicial",
              "timedOut": null,
              "duration": 921,
              "state": "passed",
              "speed": "fast",
              "pass": true,
              "fail": false,
              "pending": false,
              "context": null,
              "code": "cy.contains('a', 'ALURAPIC').should('be.visible');",
              "err": {},
              "uuid": "6a4ff11e-971d-45c0-94e4-1b9fea875aed",
              "parentUUID": "7120eb7a-b258-4fd7-b6b7-cb578bb8f9cc",
              "isHook": false,
              "skipped": false
            },
            {
              "title": "verifica menu clicável na tela inicial",
              "fullTitle": "alura PIC verifica menu clicável na tela inicial",
              "timedOut": null,
              "duration": 1272,
              "state": "passed",
              "speed": "fast",
              "pass": true,
              "fail": false,
              "pending": false,
              "context": null,
              "code": "cy.get('.navbar-brand > .fa').click();\ncy.get('.menu-bar > .fa').should('be.visible');",
              "err": {},
              "uuid": "73e6e398-6959-4c8a-a0f1-3862c9b81be3",
              "parentUUID": "7120eb7a-b258-4fd7-b6b7-cb578bb8f9cc",
              "isHook": false,
              "skipped": false
            },
            {
              "title": "Fazer login com usuário Inválido",
              "fullTitle": "alura PIC Fazer login com usuário Inválido",
              "timedOut": null,
              "duration": 1392,
              "state": "passed",
              "speed": "fast",
              "pass": true,
              "fail": false,
              "pending": false,
              "context": null,
              "code": "cy.login('cristian', '1234');\ncy.on('window:alert', str => {\n  expect(str).to.equal('Invalid user name or password');\n});",
              "err": {},
              "uuid": "561a79d3-efa6-474f-ab67-247747a45920",
              "parentUUID": "7120eb7a-b258-4fd7-b6b7-cb578bb8f9cc",
              "isHook": false,
              "skipped": false
            },
            {
              "title": "Fazer cadastro de novo usuário válido",
              "fullTitle": "alura PIC Fazer cadastro de novo usuário válido",
              "timedOut": null,
              "duration": 2585,
              "state": "passed",
              "speed": "fast",
              "pass": true,
              "fail": false,
              "pending": false,
              "context": null,
              "code": "cy.registrar('teste@gmail.com', 'eisenhut', 'erfb', '12345678');\ncy.contains('button', 'Register').click();",
              "err": {},
              "uuid": "3c8acc73-8904-4712-a8b2-fbfb33df37c6",
              "parentUUID": "7120eb7a-b258-4fd7-b6b7-cb578bb8f9cc",
              "isHook": false,
              "skipped": false
            },
            {
              "title": "registrar novo usuario bob",
              "fullTitle": "alura PIC registrar novo usuario bob",
              "timedOut": null,
              "duration": 2343,
              "state": "passed",
              "speed": "fast",
              "pass": true,
              "fail": false,
              "pending": false,
              "context": null,
              "code": "cy.contains('a', 'Register now').click();\ncy.contains('button', 'Register').click();\ncy.get('input[formcontrolname=\"email\"]').type(usuario.email);\ncy.get('input[formcontrolname=\"fullName\"]').type(usuario.fullName);\ncy.get('input[formcontrolname=\"userName\"]').type(usuario.userName);\ncy.get('input[formcontrolname=\"password\"]').type(usuario.password);\ncy.contains('button', 'Register').click();",
              "err": {},
              "uuid": "629a67e8-23a2-4fe4-b193-1c46d67ba17c",
              "parentUUID": "7120eb7a-b258-4fd7-b6b7-cb578bb8f9cc",
              "isHook": false,
              "skipped": false
            },
            {
              "title": "registrar novo usuario patrick",
              "fullTitle": "alura PIC registrar novo usuario patrick",
              "timedOut": null,
              "duration": 2487,
              "state": "passed",
              "speed": "fast",
              "pass": true,
              "fail": false,
              "pending": false,
              "context": null,
              "code": "cy.contains('a', 'Register now').click();\ncy.contains('button', 'Register').click();\ncy.get('input[formcontrolname=\"email\"]').type(usuario.email);\ncy.get('input[formcontrolname=\"fullName\"]').type(usuario.fullName);\ncy.get('input[formcontrolname=\"userName\"]').type(usuario.userName);\ncy.get('input[formcontrolname=\"password\"]').type(usuario.password);\ncy.contains('button', 'Register').click();",
              "err": {},
              "uuid": "cb1f6238-84c9-4d07-916d-4c85d1337f2c",
              "parentUUID": "7120eb7a-b258-4fd7-b6b7-cb578bb8f9cc",
              "isHook": false,
              "skipped": false
            },
            {
              "title": "registrar novo usuario lula",
              "fullTitle": "alura PIC registrar novo usuario lula",
              "timedOut": null,
              "duration": 2311,
              "state": "passed",
              "speed": "fast",
              "pass": true,
              "fail": false,
              "pending": false,
              "context": null,
              "code": "cy.contains('a', 'Register now').click();\ncy.contains('button', 'Register').click();\ncy.get('input[formcontrolname=\"email\"]').type(usuario.email);\ncy.get('input[formcontrolname=\"fullName\"]').type(usuario.fullName);\ncy.get('input[formcontrolname=\"userName\"]').type(usuario.userName);\ncy.get('input[formcontrolname=\"password\"]').type(usuario.password);\ncy.contains('button', 'Register').click();",
              "err": {},
              "uuid": "9db73926-0a73-4930-a418-c0284e37b677",
              "parentUUID": "7120eb7a-b258-4fd7-b6b7-cb578bb8f9cc",
              "isHook": false,
              "skipped": false
            },
            {
              "title": "Fazer login do flavio",
              "fullTitle": "alura PIC Fazer login do flavio",
              "timedOut": null,
              "duration": 1490,
              "state": "passed",
              "speed": "fast",
              "pass": true,
              "fail": false,
              "pending": false,
              "context": null,
              "code": "cy.request({\n  method: 'POST',\n  url: 'https://apialurapic.herokuapp.com/user/login',\n  body: Cypress.env()\n}).then(res => {\n  expect(res.status).to.be.equal(200);\n  expect(res.body).is.not.empty;\n  expect(res.body).to.have.property('id');\n  expect(res.body.id).to.be.equal(1);\n  expect(res.body).to.have.property('email');\n  expect(res.body.email).to.be.equal('flavio@alurapic.com.br');\n});",
              "err": {},
              "uuid": "b706fbbd-a6cb-4967-b3c3-d1c0402e0c6d",
              "parentUUID": "7120eb7a-b258-4fd7-b6b7-cb578bb8f9cc",
              "isHook": false,
              "skipped": false
            },
            {
              "title": "Buscar fotos do flavio",
              "fullTitle": "alura PIC Buscar fotos do flavio",
              "timedOut": null,
              "duration": 3477,
              "state": "passed",
              "speed": "fast",
              "pass": true,
              "fail": false,
              "pending": false,
              "context": null,
              "code": "//temppo escolhido de forma sorteada, randomica\nconst tempoEsperado = Math.random() * 15000;\ncy.request({\n  method: 'GET',\n  url: 'https://apialurapic.herokuapp.com/flavio/photos'\n}).then(res => {\n  expect(res.status).to.be.equal(200);\n  expect(res.body).is.not.empty;\n  expect(res.body[0]).to.have.property('description');\n  expect(res.body[0].description).to.be.equal('Farol iluminado');\n  expect(res.duration).to.be.lte(tempoEsperado);\n});",
              "err": {},
              "uuid": "4caef4cf-19b7-4c20-9daf-a9c23f228fcd",
              "parentUUID": "7120eb7a-b258-4fd7-b6b7-cb578bb8f9cc",
              "isHook": false,
              "skipped": false
            }
          ],
          "suites": [],
          "passes": [
            "d3f0c2ed-1fec-4448-a672-a71c5dc7aae6",
            "a359564e-5317-420f-9012-1be3aadd2339",
            "35550d09-c400-4243-ba04-b3e65eff7996",
            "68d73a88-418b-40cf-9c5d-97efa08f6821",
            "51dd6e0d-96d7-44dd-9fa8-beeff0522a96",
            "6afbbfc7-f3e3-4aa9-aea3-4c9d8888f047",
            "cb4118bd-e5f1-4075-8c49-be46422f7738",
            "629b367e-d54c-4559-a3ab-af45975abca7",
            "772b744b-0634-42dc-a4ba-d42d475ec20a",
            "5f353fbe-7257-4381-b1c6-2e1065b22f5f",
            "84dd8b6d-5c5e-4086-8b25-0666e1bc69e9",
            "fb4c5c6f-4f61-4174-b34a-2f56b7665970",
            "6a4ff11e-971d-45c0-94e4-1b9fea875aed",
            "73e6e398-6959-4c8a-a0f1-3862c9b81be3",
            "561a79d3-efa6-474f-ab67-247747a45920",
            "3c8acc73-8904-4712-a8b2-fbfb33df37c6",
            "629a67e8-23a2-4fe4-b193-1c46d67ba17c",
            "cb1f6238-84c9-4d07-916d-4c85d1337f2c",
            "9db73926-0a73-4930-a418-c0284e37b677",
            "b706fbbd-a6cb-4967-b3c3-d1c0402e0c6d",
            "4caef4cf-19b7-4c20-9daf-a9c23f228fcd"
          ],
          "failures": [],
          "pending": [],
          "skipped": [],
          "duration": 43260,
          "root": false,
          "rootEmpty": false,
          "_timeout": 2000
        }
      ],
      "passes": [],
      "failures": [],
      "pending": [],
      "skipped": [],
      "duration": 0,
      "root": true,
      "rootEmpty": true,
      "_timeout": 2000
    }
  ],
  "meta": {
    "mocha": {
      "version": "7.0.1"
    },
    "mochawesome": {
      "options": {
        "quiet": false,
        "reportFilename": "mochawesome",
        "saveHtml": true,
        "saveJson": true,
        "consoleReporter": "spec",
        "useInlineDiffs": false,
        "code": true
      },
      "version": "7.1.3"
    },
    "marge": {
      "options": {
        "reporterDir": "cypress/report/mochawesome-report",
        "overwrite": true,
        "html": true,
        "charts": true,
        "json": true,
        "code": true,
        "reportTitle": "Teste da Alura PIC",
        "timestamp": "dd-mm-yyyy_HH:MM:ss"
      },
      "version": "6.2.0"
    }
  }
}