{
  "stats": {
    "suites": 1,
    "tests": 21,
    "passes": 21,
    "pending": 0,
    "failures": 0,
    "start": "2023-03-30T23:44:16.352Z",
    "end": "2023-03-30T23:45:03.485Z",
    "duration": 47133,
    "testsRegistered": 21,
    "passPercent": 100,
    "pendingPercent": 0,
    "other": 0,
    "hasOther": false,
    "skipped": 0,
    "hasSkipped": false
  },
  "results": [
    {
      "uuid": "1829def0-f39f-42c1-b1fa-b2773da46f0d",
      "title": "",
      "fullFile": "cypress/integration/AluraPic/aluraPic.spec.js",
      "file": "cypress/integration/AluraPic/aluraPic.spec.js",
      "beforeHooks": [],
      "afterHooks": [],
      "tests": [],
      "suites": [
        {
          "uuid": "229c63e4-07d6-48d0-8c0b-fccdae324030",
          "title": "alura PIC",
          "fullFile": "",
          "file": "",
          "beforeHooks": [],
          "afterHooks": [],
          "tests": [
            {
              "title": "Login com usuário válido",
              "fullTitle": "alura PIC Login com usuário válido",
              "timedOut": null,
              "duration": 5662,
              "state": "passed",
              "speed": "medium",
              "pass": true,
              "fail": false,
              "pending": false,
              "context": null,
              "code": "cy.login(Cypress.env('userName'), Cypress.env('password'));\ncy.contains('a', '(Logout)').should('be.visible');",
              "err": {},
              "uuid": "bfd5b01b-ca71-431d-a7ac-687e68154d73",
              "parentUUID": "229c63e4-07d6-48d0-8c0b-fccdae324030",
              "isHook": false,
              "skipped": false
            },
            {
              "title": "verificar mensagens de validação",
              "fullTitle": "alura PIC verificar mensagens de validação",
              "timedOut": null,
              "duration": 2335,
              "state": "passed",
              "speed": "fast",
              "pass": true,
              "fail": false,
              "pending": false,
              "context": null,
              "code": "cy.contains('a', 'Register now').click();\ncy.contains('button', 'Register').click();\ncy.contains('ap-vmessage', 'Email is required').should('be.visible');\ncy.contains('button', 'Register').click();\ncy.contains('ap-vmessage', 'Full name is required').should('be.visible');\ncy.contains('ap-vmessage', 'User name is required').should('be.visible');\ncy.contains('ap-vmessage', 'Password is required').should('be.visible');\ncy.contains('h4', 'Register to embrace a new world!').should('be.visible');",
              "err": {},
              "uuid": "394caad0-697f-4aff-87b6-033b3dce27a4",
              "parentUUID": "229c63e4-07d6-48d0-8c0b-fccdae324030",
              "isHook": false,
              "skipped": false
            },
            {
              "title": "verificar mensagens de email inválido",
              "fullTitle": "alura PIC verificar mensagens de email inválido",
              "timedOut": null,
              "duration": 1781,
              "state": "passed",
              "speed": "fast",
              "pass": true,
              "fail": false,
              "pending": false,
              "context": null,
              "code": "cy.contains('a', 'Register now').click();\ncy.contains('button', 'Register').click();\ncy.get('input[formcontrolname=\"email\"]').type('cristian');\ncy.contains('ap-vmessage', 'Invalid e-mail').should('be.visible');",
              "err": {},
              "uuid": "1f7c54d5-a1cc-48b4-9f78-11962e50d438",
              "parentUUID": "229c63e4-07d6-48d0-8c0b-fccdae324030",
              "isHook": false,
              "skipped": false
            },
            {
              "title": "verifica mensagem campo de Email não pode ser vazio",
              "fullTitle": "alura PIC verifica mensagem campo de Email não pode ser vazio",
              "timedOut": null,
              "duration": 1441,
              "state": "passed",
              "speed": "fast",
              "pass": true,
              "fail": false,
              "pending": false,
              "context": null,
              "code": "cy.contains('a', 'Register now').click();\ncy.contains('button', 'Register').click();\ncy.get('input[formcontrolname=\"email\"]').click().blur();\ncy.contains('ap-vmessage', 'Email is required!').should('be.visible');",
              "err": {},
              "uuid": "cf4c25e3-fa4e-4521-b7a7-47bf692c9a8c",
              "parentUUID": "229c63e4-07d6-48d0-8c0b-fccdae324030",
              "isHook": false,
              "skipped": false
            },
            {
              "title": "verificar mensagens de nome completo - deve ter tamanho minimo de 2 caracteres",
              "fullTitle": "alura PIC verificar mensagens de nome completo - deve ter tamanho minimo de 2 caracteres",
              "timedOut": null,
              "duration": 1627,
              "state": "passed",
              "speed": "fast",
              "pass": true,
              "fail": false,
              "pending": false,
              "context": null,
              "code": "cy.contains('a', 'Register now').click();\ncy.contains('button', 'Register').click();\ncy.get('input[formcontrolname=\"fullName\"]').type('0');\ncy.contains('button', 'Register').click();\ncy.contains('ap-vmessage', 'Mininum length is 2').should('be.visible');",
              "err": {},
              "uuid": "3d09d20d-c04f-46cb-829a-5c5011c8fcc9",
              "parentUUID": "229c63e4-07d6-48d0-8c0b-fccdae324030",
              "isHook": false,
              "skipped": false
            },
            {
              "title": "verifica mensagem campo nome completo não pode ser vazio",
              "fullTitle": "alura PIC verifica mensagem campo nome completo não pode ser vazio",
              "timedOut": null,
              "duration": 1714,
              "state": "passed",
              "speed": "fast",
              "pass": true,
              "fail": false,
              "pending": false,
              "context": null,
              "code": "cy.contains('a', 'Register now').click();\ncy.contains('button', 'Register').click();\ncy.get('input[formcontrolname=\"fullName\"]').click().blur();\ncy.contains('ap-vmessage', 'Full name is required!').should('be.visible');",
              "err": {},
              "uuid": "a4691ac3-3f6c-4039-ae48-b19477cdbab9",
              "parentUUID": "229c63e4-07d6-48d0-8c0b-fccdae324030",
              "isHook": false,
              "skipped": false
            },
            {
              "title": "verifica mensagem campo nome de usuário não pode ser vazio",
              "fullTitle": "alura PIC verifica mensagem campo nome de usuário não pode ser vazio",
              "timedOut": null,
              "duration": 1681,
              "state": "passed",
              "speed": "fast",
              "pass": true,
              "fail": false,
              "pending": false,
              "context": null,
              "code": "cy.contains('a', 'Register now').click();\ncy.contains('button', 'Register').click();\ncy.get('input[formcontrolname=\"userName\"]').click().blur();\ncy.contains('ap-vmessage', 'User name is required!').should('be.visible');",
              "err": {},
              "uuid": "5de62621-d287-4c81-89fc-58fc488a5950",
              "parentUUID": "229c63e4-07d6-48d0-8c0b-fccdae324030",
              "isHook": false,
              "skipped": false
            },
            {
              "title": "verifica mensagem campo Nome de usuário indisponível",
              "fullTitle": "alura PIC verifica mensagem campo Nome de usuário indisponível",
              "timedOut": null,
              "duration": 2190,
              "state": "passed",
              "speed": "fast",
              "pass": true,
              "fail": false,
              "pending": false,
              "context": null,
              "code": "cy.contains('a', 'Register now').click();\ncy.contains('button', 'Register').click();\ncy.get('input[formcontrolname=\"userName\"]').type('flavio');\ncy.contains('button', 'Register').click();\ncy.contains('ap-vmessage', 'Username already taken').should('be.visible');",
              "err": {},
              "uuid": "713bfeb5-e21f-4a35-a913-5712a7bd832c",
              "parentUUID": "229c63e4-07d6-48d0-8c0b-fccdae324030",
              "isHook": false,
              "skipped": false
            },
            {
              "title": "verifica mensagem campo Nome de usuário deve ser em letras minúsculas",
              "fullTitle": "alura PIC verifica mensagem campo Nome de usuário deve ser em letras minúsculas",
              "timedOut": null,
              "duration": 2313,
              "state": "passed",
              "speed": "fast",
              "pass": true,
              "fail": false,
              "pending": false,
              "context": null,
              "code": "cy.contains('a', 'Register now').click();\ncy.contains('button', 'Register').click();\ncy.get('input[formcontrolname=\"userName\"]').type('Cristian');\ncy.contains('button', 'Register').click();\ncy.contains('ap-vmessage', 'Must be lower case').should('be.visible');",
              "err": {},
              "uuid": "468d054d-d914-4335-93ed-5ac604334fc2",
              "parentUUID": "229c63e4-07d6-48d0-8c0b-fccdae324030",
              "isHook": false,
              "skipped": false
            },
            {
              "title": "verifica mensagem campo senha deve ter no minimo 8 caracteres",
              "fullTitle": "alura PIC verifica mensagem campo senha deve ter no minimo 8 caracteres",
              "timedOut": null,
              "duration": 2548,
              "state": "passed",
              "speed": "fast",
              "pass": true,
              "fail": false,
              "pending": false,
              "context": null,
              "code": "cy.contains('a', 'Register now').click();\ncy.contains('button', 'Register').click();\ncy.get('input[formcontrolname=\"password\"]').type('1234567');\ncy.contains('button', 'Register').click();\ncy.contains('ap-vmessage', 'Mininum length is 8').should('be.visible');",
              "err": {},
              "uuid": "93373619-5006-4237-95ab-d942291435a4",
              "parentUUID": "229c63e4-07d6-48d0-8c0b-fccdae324030",
              "isHook": false,
              "skipped": false
            },
            {
              "title": "Fazer login com usuário válido",
              "fullTitle": "alura PIC Fazer login com usuário válido",
              "timedOut": null,
              "duration": 2082,
              "state": "passed",
              "speed": "fast",
              "pass": true,
              "fail": false,
              "pending": false,
              "context": null,
              "code": "cy.get('input[formcontrolname=\"userName\"]').type('flavio');\ncy.get('input[formcontrolname=\"password\"]').type('123');\ncy.get('button[type=\"submit\"]').click();\ncy.contains('a', '(Logout)').should('be.visible');",
              "err": {},
              "uuid": "e6dc9d06-868f-4dbb-80e8-8e7565aff53d",
              "parentUUID": "229c63e4-07d6-48d0-8c0b-fccdae324030",
              "isHook": false,
              "skipped": false
            },
            {
              "title": "Verificar botão habilitado na tela inicial",
              "fullTitle": "alura PIC Verificar botão habilitado na tela inicial",
              "timedOut": null,
              "duration": 1255,
              "state": "passed",
              "speed": "fast",
              "pass": true,
              "fail": false,
              "pending": false,
              "context": null,
              "code": "cy.get('input[formcontrolname=\"userName\"]').type('flavio');\ncy.get('input[formcontrolname=\"password\"]').type('123');\ncy.get('button[type=\"submit\"]').should('be.enabled');",
              "err": {},
              "uuid": "ba26b683-86c2-4865-9971-1299686a15f0",
              "parentUUID": "229c63e4-07d6-48d0-8c0b-fccdae324030",
              "isHook": false,
              "skipped": false
            },
            {
              "title": "Verificar nome da aplicação na tela inicial",
              "fullTitle": "alura PIC Verificar nome da aplicação na tela inicial",
              "timedOut": null,
              "duration": 836,
              "state": "passed",
              "speed": "fast",
              "pass": true,
              "fail": false,
              "pending": false,
              "context": null,
              "code": "cy.contains('a', 'ALURAPIC').should('be.visible');",
              "err": {},
              "uuid": "7ac76e9a-73f1-421b-9e44-41a18e11269e",
              "parentUUID": "229c63e4-07d6-48d0-8c0b-fccdae324030",
              "isHook": false,
              "skipped": false
            },
            {
              "title": "verifica menu clicável na tela inicial",
              "fullTitle": "alura PIC verifica menu clicável na tela inicial",
              "timedOut": null,
              "duration": 1236,
              "state": "passed",
              "speed": "fast",
              "pass": true,
              "fail": false,
              "pending": false,
              "context": null,
              "code": "cy.get('.navbar-brand > .fa').click();\ncy.get('.menu-bar > .fa').should('be.visible');",
              "err": {},
              "uuid": "3df327a9-a741-479a-99e0-b332b6ac4a52",
              "parentUUID": "229c63e4-07d6-48d0-8c0b-fccdae324030",
              "isHook": false,
              "skipped": false
            },
            {
              "title": "Fazer login com usuário Inválido",
              "fullTitle": "alura PIC Fazer login com usuário Inválido",
              "timedOut": null,
              "duration": 1393,
              "state": "passed",
              "speed": "fast",
              "pass": true,
              "fail": false,
              "pending": false,
              "context": null,
              "code": "cy.login('cristian', '1234');\ncy.on('window:alert', str => {\n  expect(str).to.equal('Invalid user name or password');\n});",
              "err": {},
              "uuid": "f53f6074-5120-4059-8fb7-26202769d40d",
              "parentUUID": "229c63e4-07d6-48d0-8c0b-fccdae324030",
              "isHook": false,
              "skipped": false
            },
            {
              "title": "Fazer cadastro de novo usuário válido",
              "fullTitle": "alura PIC Fazer cadastro de novo usuário válido",
              "timedOut": null,
              "duration": 2592,
              "state": "passed",
              "speed": "fast",
              "pass": true,
              "fail": false,
              "pending": false,
              "context": null,
              "code": "cy.registrar('teste@gmail.com', 'eisenhut', 'erfb', '12345678');\ncy.contains('button', 'Register').click();",
              "err": {},
              "uuid": "a956779a-1dd2-4649-be8f-18cb0cc98f12",
              "parentUUID": "229c63e4-07d6-48d0-8c0b-fccdae324030",
              "isHook": false,
              "skipped": false
            },
            {
              "title": "registrar novo usuario bob",
              "fullTitle": "alura PIC registrar novo usuario bob",
              "timedOut": null,
              "duration": 2465,
              "state": "passed",
              "speed": "fast",
              "pass": true,
              "fail": false,
              "pending": false,
              "context": null,
              "code": "cy.contains('a', 'Register now').click();\ncy.contains('button', 'Register').click();\ncy.get('input[formcontrolname=\"email\"]').type(usuario.email);\ncy.get('input[formcontrolname=\"fullName\"]').type(usuario.fullName);\ncy.get('input[formcontrolname=\"userName\"]').type(usuario.userName);\ncy.get('input[formcontrolname=\"password\"]').type(usuario.password);\ncy.contains('button', 'Register').click();",
              "err": {},
              "uuid": "ddb1d09b-46f8-4613-b96f-c39118f850f0",
              "parentUUID": "229c63e4-07d6-48d0-8c0b-fccdae324030",
              "isHook": false,
              "skipped": false
            },
            {
              "title": "registrar novo usuario patrick",
              "fullTitle": "alura PIC registrar novo usuario patrick",
              "timedOut": null,
              "duration": 2516,
              "state": "passed",
              "speed": "fast",
              "pass": true,
              "fail": false,
              "pending": false,
              "context": null,
              "code": "cy.contains('a', 'Register now').click();\ncy.contains('button', 'Register').click();\ncy.get('input[formcontrolname=\"email\"]').type(usuario.email);\ncy.get('input[formcontrolname=\"fullName\"]').type(usuario.fullName);\ncy.get('input[formcontrolname=\"userName\"]').type(usuario.userName);\ncy.get('input[formcontrolname=\"password\"]').type(usuario.password);\ncy.contains('button', 'Register').click();",
              "err": {},
              "uuid": "79256e9f-77c8-461b-9aa5-b1f416d7fb18",
              "parentUUID": "229c63e4-07d6-48d0-8c0b-fccdae324030",
              "isHook": false,
              "skipped": false
            },
            {
              "title": "registrar novo usuario lula",
              "fullTitle": "alura PIC registrar novo usuario lula",
              "timedOut": null,
              "duration": 2525,
              "state": "passed",
              "speed": "fast",
              "pass": true,
              "fail": false,
              "pending": false,
              "context": null,
              "code": "cy.contains('a', 'Register now').click();\ncy.contains('button', 'Register').click();\ncy.get('input[formcontrolname=\"email\"]').type(usuario.email);\ncy.get('input[formcontrolname=\"fullName\"]').type(usuario.fullName);\ncy.get('input[formcontrolname=\"userName\"]').type(usuario.userName);\ncy.get('input[formcontrolname=\"password\"]').type(usuario.password);\ncy.contains('button', 'Register').click();",
              "err": {},
              "uuid": "ded51637-5718-4afa-89f2-bdcc0e2c00ad",
              "parentUUID": "229c63e4-07d6-48d0-8c0b-fccdae324030",
              "isHook": false,
              "skipped": false
            },
            {
              "title": "Fazer login do flavio",
              "fullTitle": "alura PIC Fazer login do flavio",
              "timedOut": null,
              "duration": 1692,
              "state": "passed",
              "speed": "fast",
              "pass": true,
              "fail": false,
              "pending": false,
              "context": null,
              "code": "cy.request({\n  method: 'POST',\n  url: 'https://apialurapic.herokuapp.com/user/login',\n  body: Cypress.env()\n}).then(res => {\n  expect(res.status).to.be.equal(200);\n  expect(res.body).is.not.empty;\n  expect(res.body).to.have.property('id');\n  expect(res.body.id).to.be.equal(1);\n  expect(res.body).to.have.property('email');\n  expect(res.body.email).to.be.equal('flavio@alurapic.com.br');\n});",
              "err": {},
              "uuid": "3560f288-6433-419b-b08f-64b21ce898ed",
              "parentUUID": "229c63e4-07d6-48d0-8c0b-fccdae324030",
              "isHook": false,
              "skipped": false
            },
            {
              "title": "Buscar fotos do flavio",
              "fullTitle": "alura PIC Buscar fotos do flavio",
              "timedOut": null,
              "duration": 4128,
              "state": "passed",
              "speed": "fast",
              "pass": true,
              "fail": false,
              "pending": false,
              "context": null,
              "code": "//temppo escolhido de forma sorteada, randomica\nconst tempoEsperado = Math.random() * 5000;\ncy.request({\n  method: 'GET',\n  url: 'https://apialurapic.herokuapp.com/flavio/photos'\n}).then(res => {\n  expect(res.status).to.be.equal(200);\n  expect(res.body).is.not.empty;\n  expect(res.body[0]).to.have.property('description');\n  expect(res.body[0].description).to.be.equal('Farol iluminado');\n  expect(res.duration).to.be.lte(tempoEsperado);\n});",
              "err": {},
              "uuid": "cb8d0ae9-8de4-4ae7-b056-0b9a25c23f5c",
              "parentUUID": "229c63e4-07d6-48d0-8c0b-fccdae324030",
              "isHook": false,
              "skipped": false
            }
          ],
          "suites": [],
          "passes": [
            "bfd5b01b-ca71-431d-a7ac-687e68154d73",
            "394caad0-697f-4aff-87b6-033b3dce27a4",
            "1f7c54d5-a1cc-48b4-9f78-11962e50d438",
            "cf4c25e3-fa4e-4521-b7a7-47bf692c9a8c",
            "3d09d20d-c04f-46cb-829a-5c5011c8fcc9",
            "a4691ac3-3f6c-4039-ae48-b19477cdbab9",
            "5de62621-d287-4c81-89fc-58fc488a5950",
            "713bfeb5-e21f-4a35-a913-5712a7bd832c",
            "468d054d-d914-4335-93ed-5ac604334fc2",
            "93373619-5006-4237-95ab-d942291435a4",
            "e6dc9d06-868f-4dbb-80e8-8e7565aff53d",
            "ba26b683-86c2-4865-9971-1299686a15f0",
            "7ac76e9a-73f1-421b-9e44-41a18e11269e",
            "3df327a9-a741-479a-99e0-b332b6ac4a52",
            "f53f6074-5120-4059-8fb7-26202769d40d",
            "a956779a-1dd2-4649-be8f-18cb0cc98f12",
            "ddb1d09b-46f8-4613-b96f-c39118f850f0",
            "79256e9f-77c8-461b-9aa5-b1f416d7fb18",
            "ded51637-5718-4afa-89f2-bdcc0e2c00ad",
            "3560f288-6433-419b-b08f-64b21ce898ed",
            "cb8d0ae9-8de4-4ae7-b056-0b9a25c23f5c"
          ],
          "failures": [],
          "pending": [],
          "skipped": [],
          "duration": 46012,
          "root": false,
          "rootEmpty": false,
          "_timeout": 2000
        }
      ],
      "passes": [],
      "failures": [],
      "pending": [],
      "skipped": [],
      "duration": 0,
      "root": true,
      "rootEmpty": true,
      "_timeout": 2000
    }
  ],
  "meta": {
    "mocha": {
      "version": "7.0.1"
    },
    "mochawesome": {
      "options": {
        "quiet": false,
        "reportFilename": "mochawesome",
        "saveHtml": true,
        "saveJson": true,
        "consoleReporter": "spec",
        "useInlineDiffs": false,
        "code": true
      },
      "version": "7.1.3"
    },
    "marge": {
      "options": {
        "reporterDir": "cypress/report/mochawesome-report",
        "overwrite": true,
        "html": true,
        "charts": true,
        "json": true,
        "code": true,
        "reportTitle": "Teste da Alura PIC",
        "timestamp": "dd-mm-yyyy_HH:MM:ss"
      },
      "version": "6.2.0"
    }
  }
}